[2025-01-06T06:58:41.150Z] [31merror[39m: GET /admin/supportticketsystem/viewandrespondticket/ 404 - 2.542 ms - message: -
[2025-01-06T06:58:43.937Z] [31merror[39m: GET /api/v1a 404 - 0.770 ms - message: -
[2025-01-06T11:34:16.884Z] [31merror[39m: GET /api/v 404 - 8.180 ms - message: -
[2025-01-06T11:41:03.089Z] [31merror[39m: GET /api/v1/users?ID=12345 404 - 4.786 ms - message: -
[2025-01-06T11:41:03.097Z] [31merror[39m: GET /api/v1/posts?ID=12345 404 - 0.543 ms - message: -
[2025-01-06T11:41:03.098Z] [31merror[39m: GET /api/v1/comments?ID=12345 404 - 0.580 ms - message: -
[2025-01-06T11:43:00.133Z] [31merror[39m: GET /api/v1/users 404 - 2.264 ms - message: -
[2025-01-06T11:43:00.134Z] [31merror[39m: GET /api/v1/posts 404 - 0.516 ms - message: -
[2025-01-06T11:43:00.137Z] [31merror[39m: GET /api/v1/comments 404 - 0.584 ms - message: -
[2025-01-06T11:43:40.220Z] [31merror[39m: GET /api/v1/users 404 - 3.686 ms - message: -
[2025-01-06T11:43:40.229Z] [31merror[39m: GET /api/v1/posts 404 - 0.598 ms - message: -
[2025-01-06T11:43:40.230Z] [31merror[39m: GET /api/v1/comments 404 - 0.679 ms - message: -
[2025-01-06T11:54:11.034Z] [31merror[39m: GET /api/v1/users 404 - 5.040 ms - message: -
[2025-01-06T11:54:11.036Z] [31merror[39m: GET /api/v1/posts 404 - 1.428 ms - message: -
[2025-01-06T11:54:11.037Z] [31merror[39m: GET /api/v1/comments 404 - 0.459 ms - message: -
[2025-01-06T11:56:24.691Z] [31merror[39m: GET /api/v1/card 404 - 8.325 ms - message: -
[2025-01-06T11:56:28.469Z] [31merror[39m: GET /api/v1/cards 404 - 1.461 ms - message: -
[2025-01-06T11:56:51.566Z] [31merror[39m: GET /api/v1/referral 404 - 1.777 ms - message: -
[2025-01-06T11:57:10.157Z] [31merror[39m: GET /api/v1/meeting 404 - 0.722 ms - message: -
[2025-01-06T11:57:21.160Z] [31merror[39m: GET /api/v1/team 404 - 0.753 ms - message: -
[2025-01-06T14:11:30.081Z] [31merror[39m: GET /api/logs 404 - 3.133 ms - message: -
[2025-01-06T14:11:46.391Z] [31merror[39m: GET /api/logs 404 - 4.018 ms - message: -
[2025-01-06T14:12:41.512Z] [31merror[39m: GET /api/v1/api/logs 404 - 4.199 ms - message: -
[2025-01-06T14:12:47.144Z] [31merror[39m: GET /logs 404 - 0.903 ms - message: -
[2025-01-06T14:12:56.104Z] [31merror[39m: GET /logs 404 - 4.920 ms - message: -
[2025-01-06T14:13:07.844Z] [31merror[39m: GET /logs 404 - 4.444 ms - message: -
[2025-01-06T14:13:08.862Z] [31merror[39m: GET /logs 404 - 1.508 ms - message: -
[2025-01-06T14:29:32.130Z] [31merror[39m: GET /logs 500 - 6.321 ms - message: -
[2025-01-06T14:30:48.908Z] [31merror[39m: GET /logs 500 - 6.476 ms - message: -
[2025-01-07T06:39:19.000Z] [31merror[39m: GET /logs 500 - 10.433 ms - message: -
[2025-01-07T06:40:30.818Z] [31merror[39m: GET /logs 500 - 6.336 ms - message: -
[2025-01-07T06:41:25.165Z] [31merror[39m: GET /logs 500 - 4.641 ms - message: -
[2025-01-07T06:46:09.536Z] [31merror[39m: GET /logs 500 - 9.702 ms - message: -
[2025-01-07T06:46:52.837Z] [31merror[39m: GET /logs 500 - 7.990 ms - message: -
[2025-01-07T06:47:00.466Z] [31merror[39m: GET /logs 500 - 5.507 ms - message: -
[2025-01-07T06:53:13.676Z] [31merror[39m: GET /logs 500 - 6.246 ms - message: -
[2025-01-07T06:56:19.829Z] [31merror[39m: GET /logs 500 - 6.589 ms - message: -
[2025-01-07T06:56:45.161Z] [31merror[39m: GET /logs 500 - 18.305 ms - message: -
[2025-01-07T07:08:24.776Z] [31merror[39m: GET /logs 500 - 5.889 ms - message: -
[2025-01-07T07:08:54.306Z] [31merror[39m: GET /logs 500 - 14.149 ms - message: -
[2025-01-07T07:09:06.698Z] [31merror[39m: GET /logs 500 - 6.367 ms - message: -
[2025-01-07T07:09:34.565Z] [31merror[39m: GET /logs 500 - 6.782 ms - message: -
[2025-01-07T07:09:58.287Z] [31merror[39m: GET /logs 500 - 5.724 ms - message: -
[2025-01-07T07:18:41.202Z] [31merror[39m: GET /logs 500 - 8.258 ms - message: -
[2025-01-07T07:19:19.496Z] [31merror[39m: GET /logs 500 - 10.410 ms - message: -
[2025-01-07T07:20:18.511Z] [31merror[39m: GET /logs 500 - 14.617 ms - message: -
[2025-01-07T07:24:43.001Z] [31merror[39m: GET /logs 500 - 11.235 ms - message: -
[2025-01-07T07:27:00.618Z] [31merror[39m: GET /logs 500 - 12.164 ms - message: -
[2025-01-07T07:35:24.032Z] [31merror[39m: GET /logs 500 - 16.234 ms - message: -
[2025-01-07T07:35:52.337Z] [31merror[39m: GET /logs 500 - 9.156 ms - message: -
[2025-01-07T07:36:39.234Z] [31merror[39m: GET /logs 500 - 11.421 ms - message: -
[2025-01-07T09:21:25.372Z] error: POST /api/v1/enterprise/login 404 - 11.301 ms - message: -
[2025-01-07T09:22:12.182Z] error: POST /api/v1/enterprise/login 404 - 5.775 ms - message: -
[2025-01-07T09:23:49.870Z] error: POST /api/v1/card 500 - 8.211 ms - message: -
[2025-01-07T09:23:49.995Z] error: POST /api/v1/fcm/subscription 404 - 2.109 ms - message: -
[2025-01-07T09:23:49.998Z] error: POST /api/v1/fcm/subscription 404 - 2.036 ms - message: -
[2025-01-07T09:23:50.052Z] error: GET /api/v1/individual/getProfile/6745b989271e2f1efdb1bda0 404 - 20.508 ms - message: -
[2025-01-07T09:23:50.053Z] error: GET /api/v1/individual/getProfile/6745b989271e2f1efdb1bda0 404 - 19.122 ms - message: -
[2025-01-07T09:23:51.800Z] error: POST /api/v1/fcm/subscription 404 - 1.218 ms - message: -
[2025-01-07T09:23:51.802Z] error: POST /api/v1/fcm/subscription 404 - 0.981 ms - message: -
[2025-01-07T09:24:00.853Z] error: GET /api/v1/individual/getProfile/6745b989271e2f1efdb1bda0 404 - 7.237 ms - message: -
[2025-01-07T09:24:03.645Z] error: GET /api/v1/individual/getProfile/6745b989271e2f1efdb1bda0 404 - 2.688 ms - message: -
[2025-01-07T09:24:10.345Z] error: GET /api/v1/individual/getProfile/6745b989271e2f1efdb1bda0 404 - 13.495 ms - message: -
[2025-01-07T09:24:23.442Z] error: GET /api/v1/individual/getProfile/6745b989271e2f1efdb1bda0 404 - 3.387 ms - message: -
[2025-01-07T09:51:57.800Z] error: POST /api/v1/individual/login 401 - 83.019 ms - message: -
[2025-01-07T10:01:44.677Z] error: PATCH /api/v1/card 500 - 20.432 ms - message: -
[2025-01-07T10:18:06.096Z] error: PATCH /api/v1/ticket/assignUser 400 - 1.761 ms - message: -
[2025-01-07T10:28:01.332Z] error: GET /api/v1/media/getUploadUrl?fileName=image_cropper_1736245672370-20250107-2c26b9fd-4c53-4ef1-852d-6d123c60f5ac.jpg&contentType=.jpg 404 - 2.011 ms - message: -
[2025-01-08T05:20:24.505Z] error: GET /api/v1individualContact/user/67513f6e1e263839a3b0df87 404 - 1.575 ms - message: -
[2025-01-08T05:21:28.007Z] error: PATCH /api/v1individualContact/675ff804d4e9f83acde434a9 404 - 21.126 ms - message: -
[2025-01-08T05:21:33.688Z] error: PATCH /api/v1/individualContact/675ff804d4e9f83acde434a9 500 - 199.843 ms - message: -
[2025-01-08T05:25:58.328Z] error: PATCH /api/v1/individualContact/675ff804d4e9f83acde434a9 500 - 167.904 ms - message: -
[2025-01-08T05:52:18.582Z] error: POST /api/v1/individualContact 400 - 4.020 ms - message: -
[2025-01-08T05:53:41.391Z] error: POST /api/v1/individualContact 400 - 1.430 ms - message: -
[2025-01-08T05:54:39.243Z] error: POST /api/v1/individualContact 400 - 5.939 ms - message: -
[2025-01-08T05:58:57.484Z] error: POST /api/v1/individualContact 400 - 5.573 ms - message: -
[2025-01-08T05:59:16.975Z] error: POST /api/v1/individualContact 400 - 2.429 ms - message: -
[2025-01-08T06:01:53.405Z] error: POST /api/v1/individualContact 400 - 5.562 ms - message: -
[2025-01-08T06:03:18.464Z] error: POST /api/v1/individualContact 400 - 1.258 ms - message: -
[2025-01-08T06:45:42.691Z] error: POST /api/v1/individualContact 500 - 94.397 ms - message: -
[2025-01-08T06:55:38.783Z] error: POST /api/v1/individualContact 500 - 117.860 ms - message: -
[2025-01-08T06:59:40.561Z] error: POST /api/v1/individualContact 500 - 326.937 ms - message: -
[2025-01-08T07:46:19.389Z] error: DELETE /api/v1/individualContact/677e23ebff3de72b2160663a 500 - 189.329 ms - message: -
[2025-01-08T12:38:57.015Z] error: POST /api/v1/subscription/verifyPayment 500 - 513.991 ms - message: -
[2025-01-08T12:40:59.240Z] error: POST /api/v1/fcm/subscription 404 - 5.097 ms - message: -
[2025-01-08T12:40:59.243Z] error: POST /api/v1/fcm/subscription 404 - 2.631 ms - message: -
[2025-01-08T12:40:59.244Z] error: POST /api/v1/fcm/subscription 404 - 1.044 ms - message: -
[2025-01-08T12:45:04.792Z] error: GET /api/v1/enterpriseEmployee/getProfile/undefined 500 - 5.366 ms - message: -
[2025-01-08T12:46:18.853Z] error: GET /api/v1/enterpriseEmployee/getProfile/undefined 500 - 1.847 ms - message: -
[2025-01-08T12:48:07.725Z] error: GET /api/v1/enterpriseEmployee/getProfile/undefined 500 - 4.235 ms - message: -
[2025-01-08T12:53:46.384Z] error: POST /api/v1/message/sendMessage 500 - 7.612 ms - message: -
[2025-01-08T12:54:15.861Z] error: POST /api/v1/message/sendMessage 500 - 16.607 ms - message: -
[2025-01-08T13:07:06.521Z] error: GET /api/v1/enterpriseEmployee/getProfile/undefined 500 - 2.853 ms - message: -
[2025-01-08T17:05:34.774Z] error: GET /api/v1/enterprise/getProfile/676da13a0dbc18341f8e6011 404 - 5.728 ms - message: -
[2025-01-08T17:06:24.261Z] error: GET /api/v1/enterprise/getProfile/676da13a0dbc18341f8e6011 404 - 15.117 ms - message: -
[2025-01-08T19:31:16.917Z] error: GET / 404 - 2.102 ms - message: -
[2025-01-09T00:45:04.382Z] error: GET / 404 - 2.419 ms - message: -
[2025-01-09T00:45:04.654Z] error: GET /favicon.ico 404 - 0.661 ms - message: -
[2025-01-09T04:31:46.245Z] error: POST /api/v1/fcm/subscription 404 - 2.726 ms - message: -
[2025-01-09T04:31:46.246Z] error: POST /api/v1/fcm/subscription 404 - 0.734 ms - message: -
[2025-01-09T04:36:12.524Z] error: POST /api/v1/cardEnterprise 413 - 12849.121 ms - message: -
[2025-01-09T04:36:49.469Z] error: POST /api/v1/cardEnterprise 413 - 18164.901 ms - message: -
[2025-01-09T04:37:06.074Z] error: POST /api/v1/cardEnterprise 413 - 8989.407 ms - message: -
[2025-01-09T04:37:20.046Z] error: POST /api/v1/cardEnterprise 413 - 7614.131 ms - message: -
[2025-01-09T04:49:43.181Z] error: GET /api/v1/enterpriseEmployee/getProfile/undefined 500 - 2.332 ms - message: -
[2025-01-09T04:49:44.059Z] error: GET /api/v1/enterpriseEmployee/getProfile/undefined 500 - 2.093 ms - message: -
[2025-01-09T04:50:28.814Z] error: GET /api/v1/enterpriseEmployee/getProfile/undefined 500 - 1.421 ms - message: -
[2025-01-09T04:50:29.626Z] error: GET /api/v1/enterpriseEmployee/getProfile/undefined 500 - 1.892 ms - message: -
[2025-01-09T04:50:30.429Z] error: GET /api/v1/enterpriseEmployee/getProfile/undefined 500 - 2.505 ms - message: -
[2025-01-09T04:50:30.855Z] error: GET /api/v1/enterpriseEmployee/getProfile/undefined 500 - 1.829 ms - message: -
[2025-01-09T04:50:31.203Z] error: GET /api/v1/enterpriseEmployee/getProfile/undefined 500 - 1.725 ms - message: -
[2025-01-09T04:50:31.562Z] error: GET /api/v1/enterpriseEmployee/getProfile/undefined 500 - 1.554 ms - message: -
[2025-01-09T04:50:33.726Z] error: GET /api/v1/enterpriseEmployee/getProfile/undefined 500 - 3.514 ms - message: -
[2025-01-09T04:50:34.061Z] error: GET /api/v1/enterpriseEmployee/getProfile/undefined 500 - 3.310 ms - message: -
[2025-01-09T04:50:34.591Z] error: GET /api/v1/enterpriseEmployee/getProfile/undefined 500 - 3.225 ms - message: -
[2025-01-09T04:50:34.970Z] error: GET /api/v1/enterpriseEmployee/getProfile/undefined 500 - 1.755 ms - message: -
[2025-01-09T04:50:35.406Z] error: GET /api/v1/enterpriseEmployee/getProfile/undefined 500 - 1.664 ms - message: -
[2025-01-09T04:50:36.028Z] error: GET /api/v1/enterpriseEmployee/getProfile/undefined 500 - 1.975 ms - message: -
[2025-01-09T04:51:52.770Z] error: GET /api/v1/enterpriseEmployee/getProfile/undefined 500 - 1.900 ms - message: -
[2025-01-09T04:52:09.151Z] error: POST /api/v1/individual/login 404 - 37.444 ms - message: -
[2025-01-09T05:03:07.473Z] error: GET /api/v1/media/getUploadUrl?fileName=image_cropper_1736398961078-20250109-f5ed2a95-908a-407e-b217-495a14df42fb.jpg&contentType=.jpg 404 - 1.533 ms - message: -
[2025-01-09T05:05:33.359Z] error: POST /api/v1/enterprise/login 401 - 85.210 ms - message: -
[2025-01-09T05:07:42.048Z] error: DELETE /api/v1/individualContact/6777e5c9c70c1e41ab1ea0d2 404 - 10.141 ms - message: -
[2025-01-09T05:13:17.295Z] error: DELETE /api/v1/individualContact/6777e5c9c70c1e41ab1ea0d2 404 - 2.723 ms - message: -
[2025-01-09T05:13:27.244Z] error: DELETE /api/v1/individualContact/6777e5c9c70c1e41ab1ea0d2 404 - 3.033 ms - message: -
[2025-01-09T05:15:52.099Z] error: POST /api/v1/cardEnterprise 409 - 66.791 ms - message: -
[2025-01-09T05:16:05.861Z] error: POST /api/v1/cardEnterprise 409 - 97.150 ms - message: -
[2025-01-09T05:16:11.860Z] error: POST /api/v1/cardEnterprise 413 - 213.211 ms - message: -
[2025-01-09T05:16:12.813Z] error: POST /api/v1/cardEnterprise 413 - 144.245 ms - message: -
[2025-01-09T05:16:15.238Z] error: POST /api/v1/cardEnterprise 413 - 168.703 ms - message: -
[2025-01-09T05:16:42.117Z] error: GET /api/v1/enterprise/getProfile/null 400 - 0.919 ms - message: -
[2025-01-09T05:21:47.111Z] error: POST /api/v1/fcm/subscription 404 - 1.156 ms - message: -
[2025-01-09T05:21:47.114Z] error: POST /api/v1/fcm/subscription 404 - 0.767 ms - message: -
[2025-01-09T05:21:47.114Z] error: POST /api/v1/fcm/subscription 404 - 1.033 ms - message: -
[2025-01-09T05:26:57.977Z] error: GET /api/v1/media/getUploadUrl?fileName=image_cropper_1736400400498-20250109-57d3c502-9cf3-41d2-bd36-6efe06e67aca.jpg&contentType=.jpg 404 - 1.077 ms - message: -
[2025-01-09T05:29:32.298Z] error: PATCH /api/v1/card 500 - 10.100 ms - message: -
[2025-01-09T05:29:33.421Z] error: PATCH /api/v1/card 500 - 11.236 ms - message: -
[2025-01-09T05:29:35.008Z] error: PATCH /api/v1/card 500 - 11.185 ms - message: -
[2025-01-09T05:33:02.445Z] error: PATCH /api/v1/card/updateLogo 413 - 189.332 ms - message: -
[2025-01-09T05:33:57.003Z] error: PATCH /api/v1/card/updateLogo 413 - 119.866 ms - message: -
[2025-01-09T05:53:22.376Z] error: POST /api/v1/individual/sendotp 409 - 18.967 ms - message: -
[2025-01-09T05:53:27.683Z] error: POST /api/v1/individual/sendotp 409 - 4.658 ms - message: -
[2025-01-09T05:53:32.731Z] error: POST /api/v1/individual/sendotp 409 - 4.602 ms - message: -
[2025-01-09T05:55:01.600Z] error: PATCH /api/v1/card/updateLogo 413 - 110.662 ms - message: -
[2025-01-09T06:10:41.240Z] error: POST /api/v1/enterprise/login 404 - 26.669 ms - message: -
[2025-01-09T06:32:01.146Z] error: POST /api/v1/individual/signup 409 - 4.113 ms - message: -
[2025-01-09T06:32:56.604Z] error: POST /api/v1/individual/sendotp 409 - 18.981 ms - message: -
[2025-01-09T06:46:55.909Z] error: POST /api/v1/enterprise/login 401 - 81.199 ms - message: -
[2025-01-09T06:47:23.940Z] error: POST /api/v1/individualContact 400 - 40.034 ms - message: -
[2025-01-09T06:47:34.857Z] error: POST /api/v1/individualContact 400 - 21.708 ms - message: -
[2025-01-09T06:47:39.488Z] error: PATCH /api/v1/card/updateLogo 413 - 402.283 ms - message: -
[2025-01-09T06:47:45.263Z] error: POST /api/v1/individualContact 400 - 2.391 ms - message: -
[2025-01-09T06:47:58.621Z] error: POST /api/v1/individualContact 400 - 1.320 ms - message: -
[2025-01-09T06:48:16.520Z] error: POST /api/v1/individualContact 400 - 4.221 ms - message: -
[2025-01-09T06:48:34.402Z] error: POST /api/v1/individualContact 400 - 1.153 ms - message: -
[2025-01-09T06:48:54.081Z] error: POST /api/v1/individualContact 400 - 3.504 ms - message: -
[2025-01-09T06:49:09.588Z] error: POST /api/v1/individualContact 400 - 1.438 ms - message: -
[2025-01-09T06:49:22.196Z] error: POST /api/v1/individualContact 400 - 1.201 ms - message: -
[2025-01-09T06:50:08.692Z] error: PATCH /api/v1/card/updateLogo 500 - 1.463 ms - message: -
[2025-01-09T06:50:08.725Z] error: GET /api/v1/enterprise/getProfile/674fe504813874c50d56d1cd 404 - 4.024 ms - message: -
[2025-01-09T06:50:08.838Z] error: GET /api/v1/enterprise/getProfile/674fe504813874c50d56d1cd 404 - 27.728 ms - message: -
[2025-01-09T06:50:08.838Z] error: GET /api/v1/enterprise/getProfile/674fe504813874c50d56d1cd 404 - 26.556 ms - message: -
[2025-01-09T06:50:08.845Z] error: GET /api/v1/enterprise/getProfile/674fe504813874c50d56d1cd 404 - 30.288 ms - message: -
[2025-01-09T06:50:08.921Z] error: GET /api/v1/enterprise/getProfile/674fe504813874c50d56d1cd 404 - 11.167 ms - message: -
[2025-01-09T06:50:08.935Z] error: GET /api/v1/enterprise/getProfile/674fe504813874c50d56d1cd 404 - 9.763 ms - message: -
[2025-01-09T06:50:08.951Z] error: GET /api/v1/enterprise/getProfile/674fe504813874c50d56d1cd 404 - 7.404 ms - message: -
[2025-01-09T06:50:08.964Z] error: GET /api/v1/enterprise/getProfile/674fe504813874c50d56d1cd 404 - 18.607 ms - message: -
[2025-01-09T06:50:09.075Z] error: GET /api/v1/enterprise/getProfile/674fe504813874c50d56d1cd 404 - 7.896 ms - message: -
[2025-01-09T06:50:09.088Z] error: GET /api/v1/enterprise/getProfile/674fe504813874c50d56d1cd 404 - 15.571 ms - message: -
[2025-01-09T06:50:09.444Z] error: GET /api/v1/enterprise/getProfile/674fe504813874c50d56d1cd 404 - 185.583 ms - message: -
[2025-01-09T06:50:09.447Z] error: GET /api/v1/enterprise/getProfile/674fe504813874c50d56d1cd 404 - 185.735 ms - message: -
[2025-01-09T06:50:09.447Z] error: GET /api/v1/enterprise/getProfile/674fe504813874c50d56d1cd 404 - 211.429 ms - message: -
[2025-01-09T06:50:09.448Z] error: GET /api/v1/enterprise/getProfile/674fe504813874c50d56d1cd 404 - 214.743 ms - message: -
[2025-01-09T06:50:09.448Z] error: GET /api/v1/enterprise/getProfile/674fe504813874c50d56d1cd 404 - 241.438 ms - message: -
[2025-01-09T06:50:09.448Z] error: GET /api/v1/enterprise/getProfile/674fe504813874c50d56d1cd 404 - 229.582 ms - message: -
[2025-01-09T06:50:09.448Z] error: GET /api/v1/enterprise/getProfile/674fe504813874c50d56d1cd 404 - 303.457 ms - message: -
[2025-01-09T06:50:09.562Z] error: GET /api/v1/enterprise/getProfile/674fe504813874c50d56d1cd 404 - 343.868 ms - message: -
[2025-01-09T06:50:09.563Z] error: GET /api/v1/enterprise/getProfile/674fe504813874c50d56d1cd 404 - 309.594 ms - message: -
[2025-01-09T06:50:09.586Z] error: GET /api/v1/enterprise/getProfile/674fe504813874c50d56d1cd 404 - 331.944 ms - message: -
[2025-01-09T06:51:23.689Z] error: POST /api/v1/cardEnterprise 409 - 8.222 ms - message: -
[2025-01-09T06:51:24.572Z] error: POST /api/v1/cardEnterprise 409 - 20.529 ms - message: -
[2025-01-09T06:52:22.501Z] error: POST /api/v1/cardEnterprise 409 - 9.063 ms - message: -
[2025-01-09T06:52:23.266Z] error: POST /api/v1/cardEnterprise 409 - 5.927 ms - message: -
[2025-01-09T06:52:24.447Z] error: POST /api/v1/cardEnterprise 409 - 10.457 ms - message: -
[2025-01-09T06:52:24.662Z] error: POST /api/v1/cardEnterprise 409 - 7.193 ms - message: -
[2025-01-09T06:53:26.662Z] error: GET /api/v1/individualContact/user/null 500 - 2.587 ms - message: -
[2025-01-09T06:54:04.025Z] error: GET /api/v1/enterprise/getProfile/674fe504813874c50d56d1cd 404 - 3.337 ms - message: -
[2025-01-09T06:54:09.317Z] error: GET /api/v1/enterprise/getProfile/674fe504813874c50d56d1cd 404 - 3.518 ms - message: -
[2025-01-09T06:56:24.514Z] error: GET /api/v1/enterprise/getProfile/6731e3ad3d4a18b80fbf06f4 404 - 3.714 ms - message: -
[2025-01-09T06:56:24.550Z] error: GET /api/v1/enterprise/getProfile/6731e3ad3d4a18b80fbf06f4 404 - 17.474 ms - message: -
[2025-01-09T06:56:24.573Z] error: GET /api/v1/enterprise/getProfile/6731e3ad3d4a18b80fbf06f4 404 - 28.083 ms - message: -
[2025-01-09T06:56:24.816Z] error: GET /api/v1/enterprise/getProfile/6731e3ad3d4a18b80fbf06f4 404 - 4.366 ms - message: -
[2025-01-09T06:57:19.651Z] error: PATCH /api/v1/card/updateLogo 413 - 55485.731 ms - message: -
[2025-01-09T06:58:29.276Z] error: GET /api/v1/enterprise/getProfile/674fe504813874c50d56d1cd 404 - 10.612 ms - message: -
[2025-01-09T07:00:28.832Z] error: POST /api/v1/individual/login 401 - 72.077 ms - message: -
[2025-01-09T07:00:31.747Z] error: POST /api/v1/individual/login 401 - 87.256 ms - message: -
[2025-01-09T07:03:22.077Z] error: GET /api/v1/enterprise/getProfile/6731e3ad3d4a18b80fbf06f4 404 - 16.077 ms - message: -
[2025-01-09T07:03:22.078Z] error: GET /api/v1/enterprise/getProfile/6731e3ad3d4a18b80fbf06f4 404 - 12.385 ms - message: -
[2025-01-09T07:11:55.089Z] error: POST /api/v1/individual/sendotp 409 - 8.861 ms - message: -
[2025-01-09T07:12:13.379Z] error: POST /api/v1/individual/sendotp 409 - 38.689 ms - message: -
[2025-01-09T07:19:57.403Z] error: GET /api/v1/enterpriseContact/user/null 500 - 1.742 ms - message: -
[2025-01-09T07:20:00.596Z] error: GET /api/v1/enterpriseContact/user/null 500 - 2.682 ms - message: -
[2025-01-09T07:20:02.929Z] error: GET /api/v1/enterpriseContact/user/null 500 - 1.548 ms - message: -
[2025-01-09T07:26:36.789Z] error: GET /api/v1/media/getUploadUrl?fileName=image_cropper_1736407592974-20250109-78233cd2-7093-4a7e-ba20-7772b62e7f48.jpg&contentType=.jpg 404 - 2.058 ms - message: -
[2025-01-09T07:31:09.151Z] error: GET /api/v1/media/getUploadUrl?fileName=image_cropper_1736407866018-20250109-039a94e4-2982-4731-8ee0-264ee242b417.jpg&contentType=.jpg 404 - 1.884 ms - message: -
[2025-01-09T07:32:09.734Z] error: POST /api/v1/message/sendMessage 404 - 56.483 ms - message: -
[2025-01-09T07:33:50.461Z] error: PATCH /api/v1/card/updateLogo 413 - 251.227 ms - message: -
[2025-01-09T07:44:07.793Z] error: GET /api/v1/enterprise/getProfile/6731e3ad3d4a18b80fbf06f4 404 - 11.518 ms - message: -
[2025-01-09T07:45:20.716Z] error: PATCH /api/v1/meeting/update-meeting-status 500 - 39.363 ms - message: -
[2025-01-09T07:45:27.293Z] error: PATCH /api/v1/meeting/update-meeting-status 500 - 21.222 ms - message: -
[2025-01-09T07:46:02.960Z] error: PATCH /api/v1/meeting/update-meeting-status 500 - 26.867 ms - message: -
[2025-01-09T08:10:16.081Z] error: POST /api/v1/enterprise/login 401 - 120.037 ms - message: -
[2025-01-09T08:13:17.111Z] error: POST /api/v1/subscription 400 - 2.788 ms - message: -
[2025-01-09T08:13:22.834Z] error: GET /api/v1/referral/details/677f793363aa6ee709024689 500 - 21.312 ms - message: -
[2025-01-09T08:14:19.706Z] error: GET /api/v1/referral/details/677f793363aa6ee709024689 500 - 22.608 ms - message: -
[2025-01-09T08:16:26.298Z] error: GET /api/v1/enterprise/getProfile/677f793363aa6ee709024689 404 - 10.267 ms - message: -
[2025-01-09T08:16:26.299Z] error: GET /api/v1/enterprise/getProfile/677f793363aa6ee709024689 404 - 9.085 ms - message: -
[2025-01-09T08:16:33.112Z] error: GET /api/v1/enterprise/getProfile/677f793363aa6ee709024689 404 - 4.435 ms - message: -
[2025-01-09T08:16:33.164Z] error: GET /api/v1/enterprise/getProfile/677f793363aa6ee709024689 404 - 24.373 ms - message: -
[2025-01-09T08:16:36.600Z] error: GET /api/v1/enterprise/getProfile/677f793363aa6ee709024689 404 - 17.869 ms - message: -
[2025-01-09T08:16:36.613Z] error: GET /api/v1/enterprise/getProfile/677f793363aa6ee709024689 404 - 18.428 ms - message: -
[2025-01-09T08:16:38.541Z] error: GET /api/v1/enterprise/getProfile/677f793363aa6ee709024689 404 - 3.531 ms - message: -
[2025-01-09T08:16:38.564Z] error: GET /api/v1/enterprise/getProfile/677f793363aa6ee709024689 404 - 18.518 ms - message: -
[2025-01-09T08:16:41.580Z] error: POST /api/v1/subscription 400 - 0.849 ms - message: -
[2025-01-09T08:17:44.788Z] error: POST /api/v1/individual/login 404 - 3.465 ms - message: -
[2025-01-09T09:05:01.951Z] error: GET /api/v1/referral/details/677f793363aa6ee709024689 500 - 53.617 ms - message: -
[2025-01-09T09:06:49.964Z] error: GET /api/v1/referral/details/677f793363aa6ee709024689 500 - 12.547 ms - message: -
[2025-01-09T09:06:55.717Z] error: GET /api/v1/referral/details/677f793363aa6ee709024689 500 - 23.721 ms - message: -
[2025-01-09T09:43:08.111Z] error: POST /api/v1/individual/login 401 - 75.053 ms - message: -
[2025-01-09T09:43:12.579Z] error: POST /api/v1/individual/login 401 - 70.544 ms - message: -
[2025-01-09T09:43:14.635Z] error: POST /api/v1/individual/login 401 - 185.858 ms - message: -
[2025-01-09T09:43:35.414Z] error: POST /api/v1/individual/login 401 - 82.549 ms - message: -
[2025-01-09T09:43:37.939Z] error: POST /api/v1/individual/login 401 - 98.477 ms - message: -
[2025-01-09T09:43:56.106Z] error: POST /api/v1/individual/login 401 - 67.663 ms - message: -
[2025-01-09T09:44:59.377Z] error: POST /api/v1/individualContact 413 - 90.714 ms - message: -
[2025-01-09T09:47:38.348Z] error: POST /api/v1/individual/validateotp 400 - 1.300 ms - message: -
[2025-01-09T09:47:40.428Z] error: POST /api/v1/individual/validateotp 400 - 0.945 ms - message: -
[2025-01-09T09:47:56.625Z] error: POST /api/v1/individual/validateotp 400 - 0.826 ms - message: -
[2025-01-09T09:48:20.073Z] error: POST /api/v1/individual/validateotp 400 - 0.791 ms - message: -
[2025-01-09T09:49:06.677Z] error: POST /api/v1/individual/validateotp 400 - 0.884 ms - message: -
[2025-01-09T09:49:23.867Z] error: POST /api/v1/individual/validateotp 400 - 0.777 ms - message: -
[2025-01-09T09:50:49.481Z] error: POST /api/v1/individual/validateotp 400 - 0.852 ms - message: -
[2025-01-09T09:51:00.541Z] error: POST /api/v1/individual/validateotp 400 - 0.846 ms - message: -
[2025-01-09T09:51:39.734Z] error: PATCH /api/v1/enterpriseMeeting/update-meeting-status 500 - 57.662 ms - message: -
[2025-01-09T09:55:25.396Z] error: POST /api/v1/individualContact 413 - 87.716 ms - message: -
[2025-01-09T09:55:29.883Z] error: POST /api/v1/individualContact 413 - 83.335 ms - message: -
[2025-01-09T09:56:13.912Z] error: POST /api/v1/individualContact 413 - 198.899 ms - message: -
[2025-01-09T10:01:27.044Z] error: PATCH /api/v1/enterpriseMeeting/update-meeting-status 500 - 61.636 ms - message: -
[2025-01-09T10:07:25.976Z] error: POST /api/v1/cardEnterprise 413 - 145.885 ms - message: -
[2025-01-09T10:07:26.947Z] error: POST /api/v1/cardEnterprise 413 - 155.550 ms - message: -
[2025-01-09T10:07:27.828Z] error: POST /api/v1/cardEnterprise 413 - 170.122 ms - message: -
[2025-01-09T10:07:28.818Z] error: POST /api/v1/cardEnterprise 413 - 154.557 ms - message: -
[2025-01-09T10:07:29.625Z] error: POST /api/v1/cardEnterprise 413 - 147.538 ms - message: -
[2025-01-09T10:07:30.593Z] error: POST /api/v1/cardEnterprise 413 - 162.373 ms - message: -
[2025-01-09T10:24:39.898Z] error: POST /api/v1/individual/login 401 - 211.768 ms - message: -
[2025-01-09T10:33:46.761Z] error: POST /api/v1/enterprise/login 401 - 124.797 ms - message: -
[2025-01-09T10:38:17.108Z] error: POST /api/v1/cardEnterprise 413 - 253.111 ms - message: -
[2025-01-09T10:38:24.519Z] error: POST /api/v1/cardEnterprise 413 - 187.189 ms - message: -
[2025-01-09T10:38:40.288Z] error: GET / 404 - 1.087 ms - message: -
[2025-01-09T10:44:40.020Z] error: POST /api/v1/subscription 400 - 1.932 ms - message: -
[2025-01-09T10:47:45.995Z] error: POST /api/v1/cardEnterprise 413 - 108.612 ms - message: -
[2025-01-09T10:47:47.461Z] error: POST /api/v1/cardEnterprise 413 - 90.472 ms - message: -
[2025-01-09T10:47:48.279Z] error: POST /api/v1/cardEnterprise 413 - 104.476 ms - message: -
[2025-01-09T10:47:50.193Z] error: POST /api/v1/cardEnterprise 413 - 99.969 ms - message: -
[2025-01-09T10:47:52.970Z] error: POST /api/v1/cardEnterprise 413 - 85.594 ms - message: -
[2025-01-09T11:02:59.237Z] error: POST /api/v1/card 413 - 167.432 ms - message: -
[2025-01-09T11:03:00.353Z] error: POST /api/v1/card 413 - 102.127 ms - message: -
[2025-01-09T11:03:00.955Z] error: POST /api/v1/card 413 - 79.271 ms - message: -
[2025-01-09T11:03:01.376Z] error: POST /api/v1/card 413 - 90.351 ms - message: -
[2025-01-09T11:03:01.995Z] error: POST /api/v1/card 413 - 111.917 ms - message: -
[2025-01-09T11:03:52.899Z] error: GET /api/v1/referral/details/677f793363aa6ee709024689 500 - 15.256 ms - message: -
[2025-01-09T11:03:54.666Z] error: GET /api/v1/referral/details/677f793363aa6ee709024689 500 - 17.291 ms - message: -
[2025-01-09T11:03:55.336Z] error: GET /api/v1/referral/details/677f793363aa6ee709024689 500 - 17.102 ms - message: -
[2025-01-09T11:04:03.035Z] error: GET /api/v1/referral/details/677f793363aa6ee709024689 500 - 12.459 ms - message: -
[2025-01-09T11:04:03.914Z] error: GET /api/v1/referral/details/677f793363aa6ee709024689 500 - 65.979 ms - message: -
[2025-01-09T11:04:47.274Z] error: GET /api/v1/referral/details/677f793363aa6ee709024689 500 - 15.061 ms - message: -
[2025-01-09T11:04:50.347Z] error: GET /api/v1/referral/details/677f793363aa6ee709024689 500 - 15.952 ms - message: -
[2025-01-09T11:04:57.498Z] error: GET /api/v1/referral/details/677f793363aa6ee709024689 500 - 8.257 ms - message: -
[2025-01-09T11:05:43.744Z] error: GET /api/v1/referral/details/677f793363aa6ee709024689 500 - 12.151 ms - message: -
[2025-01-09T11:07:56.429Z] error: GET /api/v1/media/getUploadUrl?fileName=image_cropper_1736420872188-20250109-3c98c063-66b5-43ce-a9a5-9e81f234b020.jpg&contentType=.jpg 404 - 1.245 ms - message: -
[2025-01-09T11:07:58.853Z] error: PATCH /api/v1/enterpriseEmployee/updateProfile 409 - 45.930 ms - message: -
[2025-01-09T11:09:15.374Z] error: POST /api/v1/individual/login 401 - 135.567 ms - message: -
[2025-01-09T11:18:04.272Z] error: GET /api/v1/card/ 404 - 1.561 ms - message: -
[2025-01-09T11:28:45.372Z] error: POST /api/v1/individual/login 401 - 136.042 ms - message: -
[2025-01-09T11:48:33.357Z] error: POST /api/v1/subscription 400 - 10.286 ms - message: -
[2025-01-09T11:48:39.947Z] error: POST /api/v1/subscription 400 - 0.780 ms - message: -
[2025-01-09T11:48:48.050Z] error: POST /api/v1/subscription 400 - 0.819 ms - message: -
[2025-01-09T11:48:54.657Z] error: POST /api/v1/subscription 400 - 0.776 ms - message: -
[2025-01-09T11:49:00.437Z] error: POST /api/v1/subscription 400 - 0.970 ms - message: -
[2025-01-09T11:49:11.995Z] error: POST /api/v1/subscription 400 - 1.189 ms - message: -
[2025-01-09T11:49:33.335Z] error: GET /api/v1/referral/details/677f793363aa6ee709024689 500 - 36.939 ms - message: -
[2025-01-09T12:04:06.464Z] error: POST /api/v1/individual/sendotp 409 - 10.231 ms - message: -
[2025-01-09T12:04:27.423Z] error: POST /api/v1/individual/signup 400 - 20.231 ms - message: -
[2025-01-09T12:04:51.203Z] error: POST /api/v1/individual/signup 409 - 6.152 ms - message: -
[2025-01-09T12:05:51.931Z] error: POST /api/v1/individual/sendotp 409 - 15.307 ms - message: -
[2025-01-09T12:08:39.728Z] error: POST /api/v1/individual/sendotp 409 - 17.060 ms - message: -
[2025-01-09T12:08:44.332Z] error: POST /api/v1/individual/sendotp 409 - 8.366 ms - message: -
[2025-01-09T12:12:09.651Z] error: POST /api/v1/individual/login 401 - 67.871 ms - message: -
[2025-01-09T12:14:12.758Z] error: GET /api/v1/card/ 404 - 1.239 ms - message: -
[2025-01-09T12:40:28.950Z] error: POST /api/v1/enterprise/login 404 - 4.702 ms - message: -
[2025-01-09T12:40:31.683Z] error: POST /api/v1/enterprise/login 404 - 19.945 ms - message: -
[2025-01-09T12:40:38.877Z] error: POST /api/v1/enterprise/login 404 - 4.649 ms - message: -
[2025-01-09T13:41:31.556Z] error: GET / 404 - 1.022 ms - message: -
[2025-01-09T14:27:14.892Z] error: POST /api/v1/subscription 400 - 5.871 ms - message: -
[2025-01-09T14:28:25.059Z] error: POST /api/v1/enterprise/login 401 - 114.349 ms - message: -
[2025-01-09T14:28:39.068Z] error: POST /api/v1/subscription 400 - 1.256 ms - message: -
[2025-01-09T14:28:42.083Z] error: POST /api/v1/subscription 400 - 0.696 ms - message: -
[2025-01-09T14:28:44.203Z] error: POST /api/v1/subscription 400 - 0.663 ms - message: -
[2025-01-09T14:28:46.381Z] error: POST /api/v1/subscription 400 - 0.678 ms - message: -
[2025-01-09T14:28:52.143Z] error: POST /api/v1/subscription 400 - 0.759 ms - message: -
[2025-01-09T14:28:54.950Z] error: POST /api/v1/subscription 400 - 1.287 ms - message: -
[2025-01-09T14:28:56.076Z] error: POST /api/v1/subscription 400 - 0.812 ms - message: -
[2025-01-09T14:35:25.400Z] error: POST /api/v1/individual/validateotp 400 - 0.803 ms - message: -
[2025-01-09T14:35:28.713Z] error: POST /api/v1/individual/validateotp 400 - 1.061 ms - message: -
[2025-01-09T14:35:29.271Z] error: POST /api/v1/individual/validateotp 400 - 0.770 ms - message: -
[2025-01-09T14:35:29.531Z] error: POST /api/v1/individual/validateotp 400 - 0.774 ms - message: -
[2025-01-09T14:35:29.787Z] error: POST /api/v1/individual/validateotp 400 - 1.604 ms - message: -
[2025-01-09T16:05:37.695Z] error: GET / 404 - 1.749 ms - message: -
[2025-01-09T17:06:22.729Z] error: GET /api/v1/card/ 404 - 0.655 ms - message: -
[2025-01-10T02:37:59.389Z] error: GET / 404 - 1.877 ms - message: -
[2025-01-10T02:43:36.994Z] error: GET / 404 - 0.577 ms - message: -
[2025-01-10T02:50:48.988Z] error: GET / 404 - 0.554 ms - message: -
[2025-01-10T03:20:53.635Z] error: POST /api/v1/enterpriseMeeting/Create-Meeting 400 - 1.441 ms - message: -
[2025-01-10T05:22:55.946Z] error: POST /api/v1/individual/login 401 - 113.925 ms - message: -
[2025-01-10T05:52:29.193Z] error: GET /api/v1/enterprise/getProfile/null 400 - 0.974 ms - message: -
[2025-01-10T05:52:29.197Z] error: GET /api/v1/enterprise/getProfile/null 400 - 1.072 ms - message: -
[2025-01-10T05:52:29.216Z] error: GET /api/v1/subscription/user/null 500 - 5.743 ms - message: -
[2025-01-10T05:52:29.224Z] error: GET /api/v1/enterpriseMeeting/get-meeting/null 500 - 2.025 ms - message: -
[2025-01-10T05:52:29.225Z] error: GET /api/v1/card/null 400 - 2.289 ms - message: -
[2025-01-10T05:52:29.634Z] error: GET /api/v1/team/getAllTeam/null 500 - 2.304 ms - message: -
[2025-01-10T05:52:31.047Z] error: POST /api/v1/cardEnterprise 413 - 46909.959 ms - message: -
[2025-01-10T05:53:08.102Z] error: GET /api/v1/team/getAllTeam/null 500 - 1.847 ms - message: -
[2025-01-10T05:53:09.354Z] error: GET /api/v1/card/null 400 - 0.877 ms - message: -
[2025-01-10T05:53:09.696Z] error: GET /api/v1/enterpriseMeeting/get-meeting/null 500 - 2.127 ms - message: -
[2025-01-10T05:53:09.697Z] error: GET /api/v1/subscription/user/null 500 - 4.331 ms - message: -
[2025-01-10T05:53:09.705Z] error: GET /api/v1/enterprise/getProfile/null 400 - 3.455 ms - message: -
[2025-01-10T05:53:09.706Z] error: GET /api/v1/enterprise/getProfile/null 400 - 1.406 ms - message: -
[2025-01-10T05:53:41.972Z] error: GET /api/v1/team/getAllTeam/null 500 - 2.770 ms - message: -
[2025-01-10T05:53:42.404Z] error: GET /api/v1/enterprise/getProfile/null 400 - 0.869 ms - message: -
[2025-01-10T05:53:42.406Z] error: GET /api/v1/enterprise/getProfile/null 400 - 2.341 ms - message: -
[2025-01-10T05:53:42.408Z] error: GET /api/v1/enterpriseMeeting/get-meeting/null 500 - 4.652 ms - message: -
[2025-01-10T05:53:42.410Z] error: GET /api/v1/subscription/user/null 500 - 5.526 ms - message: -
[2025-01-10T05:53:42.411Z] error: GET /api/v1/card/null 400 - 0.599 ms - message: -
[2025-01-10T06:00:56.459Z] error: POST /api/v1/subscription 400 - 1.027 ms - message: -
[2025-01-10T06:01:03.442Z] error: POST /api/v1/individual/login 404 - 4.792 ms - message: -
[2025-01-10T06:01:06.169Z] error: POST /api/v1/individual/login 404 - 13.207 ms - message: -
[2025-01-10T06:01:08.172Z] error: POST /api/v1/individual/login 404 - 7.080 ms - message: -
[2025-01-10T06:01:19.779Z] error: POST /api/v1/individual/login 404 - 4.097 ms - message: -
[2025-01-10T06:03:28.130Z] error: POST /api/v1/individual/sendotp 409 - 21.318 ms - message: -
[2025-01-10T06:04:12.735Z] error: POST /api/v1/individual/login 404 - 3.114 ms - message: -
[2025-01-10T06:04:58.331Z] error: GET /api/v1/individual/getProfile/6734976db6aa50468f64c1a2 404 - 12.483 ms - message: -
[2025-01-10T06:06:13.518Z] error: POST /api/v1/subscription 400 - 1.430 ms - message: -
[2025-01-10T06:06:16.390Z] error: POST /api/v1/subscription 400 - 2.391 ms - message: -
[2025-01-10T06:06:48.246Z] error: POST /api/v1/subscription 400 - 2.220 ms - message: -
[2025-01-10T06:07:57.202Z] error: POST /api/v1/subscription 400 - 1.495 ms - message: -
[2025-01-10T06:19:59.548Z] error: GET /api/v1/card/ 404 - 1.856 ms - message: -
[2025-01-10T06:20:12.265Z] error: GET /api/v1/card/ 404 - 0.835 ms - message: -
[2025-01-10T06:20:17.260Z] error: GET /api/v1/card/ 404 - 0.699 ms - message: -
[2025-01-10T06:38:07.841Z] error: POST /api/v1/enterprise/login 401 - 94.922 ms - message: -
[2025-01-10T06:39:49.651Z] error: GET /api/v1/card/ 404 - 1.906 ms - message: -
[2025-01-10T06:39:49.884Z] error: GET /api/v1/card/ 404 - 0.672 ms - message: -
[2025-01-10T06:39:51.737Z] error: GET /api/v1/card/ 404 - 1.077 ms - message: -
[2025-01-10T06:39:51.996Z] error: GET /api/v1/card/ 404 - 0.940 ms - message: -
[2025-01-10T06:40:02.588Z] error: GET /api/v1/card/ 404 - 0.651 ms - message: -
[2025-01-10T06:40:04.988Z] error: GET /api/v1/card/ 404 - 0.878 ms - message: -
[2025-01-10T06:40:07.433Z] error: GET /api/v1/card/ 404 - 0.703 ms - message: -
[2025-01-10T06:40:09.158Z] error: GET /api/v1/card/ 404 - 0.963 ms - message: -
[2025-01-10T06:43:18.702Z] error: GET /api/v1/team/getAllTeam/null 500 - 2.186 ms - message: -
[2025-01-10T06:43:23.142Z] error: GET /api/v1/enterpriseMeeting/get-meeting/null 500 - 1.593 ms - message: -
[2025-01-10T06:43:23.146Z] error: GET /api/v1/enterprise/getProfile/null 400 - 2.281 ms - message: -
[2025-01-10T06:43:23.156Z] error: GET /api/v1/subscription/user/null 500 - 2.532 ms - message: -
[2025-01-10T06:43:23.156Z] error: GET /api/v1/enterprise/getProfile/null 400 - 0.671 ms - message: -
[2025-01-10T06:43:23.158Z] error: GET /api/v1/card/null 400 - 0.569 ms - message: -
[2025-01-10T06:43:23.447Z] error: GET /api/v1/team/getAllTeam/null 500 - 2.093 ms - message: -
[2025-01-10T06:43:25.589Z] error: GET /api/v1/card/null 400 - 0.572 ms - message: -
[2025-01-10T06:43:25.596Z] error: GET /api/v1/subscription/user/null 500 - 2.016 ms - message: -
[2025-01-10T06:43:25.596Z] error: GET /api/v1/enterpriseMeeting/get-meeting/null 500 - 1.620 ms - message: -
[2025-01-10T06:43:25.602Z] error: GET /api/v1/enterprise/getProfile/null 400 - 1.098 ms - message: -
[2025-01-10T06:43:25.611Z] error: GET /api/v1/enterprise/getProfile/null 400 - 1.491 ms - message: -
[2025-01-10T06:43:26.204Z] error: GET /api/v1/team/getAllTeam/null 500 - 1.473 ms - message: -
[2025-01-10T06:43:27.833Z] error: GET /api/v1/enterprise/getProfile/null 400 - 0.697 ms - message: -
[2025-01-10T06:43:27.837Z] error: GET /api/v1/subscription/user/null 500 - 1.876 ms - message: -
[2025-01-10T06:43:27.850Z] error: GET /api/v1/enterprise/getProfile/null 400 - 1.057 ms - message: -
[2025-01-10T06:43:27.918Z] error: GET /api/v1/enterpriseMeeting/get-meeting/null 500 - 2.037 ms - message: -
[2025-01-10T06:43:27.932Z] error: GET /api/v1/card/null 400 - 0.622 ms - message: -
[2025-01-10T06:43:32.434Z] error: GET /api/v1/team/getAllTeam/null 500 - 1.649 ms - message: -
[2025-01-10T06:50:14.208Z] error: POST /api/v1/individual/login 401 - 78.256 ms - message: -
[2025-01-10T06:59:43.047Z] error: GET / 404 - 1.743 ms - message: -
[2025-01-10T06:59:48.520Z] error: GET / 404 - 2.241 ms - message: -
[2025-01-10T07:15:09.267Z] error: POST /api/v1/individual/login 401 - 91.475 ms - message: -
[2025-01-10T07:15:10.812Z] error: POST /api/v1/individual/login 401 - 76.878 ms - message: -
[2025-01-10T07:27:08.480Z] error: GET /api/v1/referral/details/676296bd6fc23ecac9408d04 500 - 10.327 ms - message: -
[2025-01-10T07:48:36.417Z] error: POST /api/v1/individualContact 400 - 50.886 ms - message: -
[2025-01-10T07:48:39.106Z] error: POST /api/v1/individualContact 400 - 54.189 ms - message: -
[2025-01-10T07:48:46.599Z] error: POST /api/v1/individualContact 400 - 46.752 ms - message: -
[2025-01-10T07:49:33.101Z] error: POST /api/v1/individualContact 400 - 53.363 ms - message: -
[2025-01-10T07:49:37.431Z] error: POST /api/v1/individualContact 400 - 34.467 ms - message: -
[2025-01-10T07:51:39.741Z] error: GET /api/v1/referral/details/676296bd6fc23ecac9408d04 500 - 14.961 ms - message: -
[2025-01-10T07:57:08.344Z] error: POST /api/v1/cardEnterprise 413 - 312.216 ms - message: -
[2025-01-10T07:59:01.702Z] error: POST /api/v1/fcm/login 404 - 3.512 ms - message: -
[2025-01-10T07:59:18.418Z] error: POST /api/v1/fcm/logout 404 - 1.831 ms - message: -
[2025-01-10T07:59:38.369Z] error: POST /api/v1/fcm/logout 404 - 1.759 ms - message: -
[2025-01-10T07:59:39.654Z] error: POST /api/v1/fcm/login 404 - 1.273 ms - message: -
[2025-01-10T08:00:50.479Z] error: POST /api/v1/fcm/logout 404 - 10.317 ms - message: -
[2025-01-10T08:06:20.535Z] error: POST /api/v1/subscription 400 - 1.207 ms - message: -
[2025-01-10T08:06:24.926Z] error: POST /api/v1/subscription 400 - 0.943 ms - message: -
[2025-01-10T08:06:28.638Z] error: POST /api/v1/subscription 400 - 1.303 ms - message: -
[2025-01-10T08:06:31.518Z] error: POST /api/v1/subscription 400 - 0.858 ms - message: -
[2025-01-10T08:06:42.117Z] error: POST /api/v1/subscription 400 - 0.821 ms - message: -
[2025-01-10T08:07:15.121Z] error: POST /api/v1/cardEnterprise 413 - 1778.369 ms - message: -
[2025-01-10T08:15:37.481Z] error: POST /api/v1/subscription 400 - 0.744 ms - message: -
[2025-01-10T08:15:53.898Z] error: POST /api/v1/subscription 400 - 0.816 ms - message: -
[2025-01-10T08:15:59.157Z] error: POST /api/v1/subscription 400 - 0.767 ms - message: -
[2025-01-10T08:16:27.344Z] error: GET /api/v1/card/ 404 - 1.647 ms - message: -
[2025-01-10T08:29:35.619Z] error: POST /api/v1/subscription 400 - 1.854 ms - message: -
[2025-01-10T08:29:43.073Z] error: POST /api/v1/subscription 400 - 1.022 ms - message: -
[2025-01-10T08:31:18.132Z] error: POST /api/v1/subscription 400 - 1.155 ms - message: -
[2025-01-10T08:31:44.700Z] error: POST /api/v1/subscription 400 - 1.706 ms - message: -
[2025-01-10T08:32:42.488Z] error: POST /api/v1/subscription 500 - 804.090 ms - message: -
[2025-01-10T08:33:32.712Z] error: POST /api/v1/subscription 500 - 72.268 ms - message: -
[2025-01-10T08:33:36.853Z] error: POST /api/v1/subscription 500 - 63.279 ms - message: -
[2025-01-10T08:33:49.839Z] error: POST /api/v1/subscription 500 - 80.739 ms - message: -
[2025-01-10T08:44:21.140Z] error: PATCH /api/v1/card/updateLogo 413 - 495.120 ms - message: -
[2025-01-10T08:46:14.038Z] error: POST /api/v1/subscription 400 - 1.641 ms - message: -
[2025-01-10T08:46:19.531Z] error: POST /api/v1/subscription 400 - 1.189 ms - message: -
[2025-01-10T08:47:48.693Z] error: POST /api/v1/cardEnterprise 413 - 725.315 ms - message: -
[2025-01-10T08:57:48.424Z] error: POST /api/v1/individual/sendotp 409 - 4.420 ms - message: -
[2025-01-10T08:58:07.871Z] error: POST /api/v1/individual/sendotp 409 - 4.386 ms - message: -
[2025-01-10T08:58:15.075Z] error: POST /api/v1/individual/sendotp 409 - 3.718 ms - message: -
[2025-01-10T09:01:09.526Z] error: POST /api/v1/individual/login 401 - 88.125 ms - message: -
[2025-01-10T09:01:19.347Z] error: POST /api/v1/individual/login 401 - 81.555 ms - message: -
[2025-01-10T09:02:45.633Z] error: POST /api/v1/individual/validateotp 400 - 0.982 ms - message: -
[2025-01-10T09:02:47.954Z] error: POST /api/v1/individual/validateotp 400 - 0.816 ms - message: -
[2025-01-10T09:02:54.359Z] error: POST /api/v1/individual/validateotp 400 - 9.236 ms - message: -
[2025-01-10T09:02:54.878Z] error: POST /api/v1/individual/validateotp 400 - 0.823 ms - message: -
[2025-01-10T09:02:55.068Z] error: POST /api/v1/individual/validateotp 400 - 0.816 ms - message: -
[2025-01-10T09:02:55.229Z] error: POST /api/v1/individual/validateotp 400 - 0.730 ms - message: -
[2025-01-10T09:02:55.431Z] error: POST /api/v1/individual/validateotp 400 - 0.770 ms - message: -
[2025-01-10T09:02:55.594Z] error: POST /api/v1/individual/validateotp 400 - 1.662 ms - message: -
[2025-01-10T09:02:55.748Z] error: POST /api/v1/individual/validateotp 400 - 1.151 ms - message: -
[2025-01-10T09:02:55.918Z] error: POST /api/v1/individual/validateotp 400 - 0.792 ms - message: -
[2025-01-10T09:02:56.114Z] error: POST /api/v1/individual/validateotp 400 - 1.001 ms - message: -
[2025-01-10T09:02:56.271Z] error: POST /api/v1/individual/validateotp 400 - 0.902 ms - message: -
[2025-01-10T09:02:56.470Z] error: POST /api/v1/individual/validateotp 400 - 0.819 ms - message: -
[2025-01-10T09:02:56.631Z] error: POST /api/v1/individual/validateotp 400 - 0.880 ms - message: -
[2025-01-10T09:02:56.833Z] error: POST /api/v1/individual/validateotp 400 - 7.341 ms - message: -
[2025-01-10T09:02:56.978Z] error: POST /api/v1/individual/validateotp 400 - 0.795 ms - message: -
[2025-01-10T09:02:57.151Z] error: POST /api/v1/individual/validateotp 400 - 0.762 ms - message: -
[2025-01-10T09:02:57.347Z] error: POST /api/v1/individual/validateotp 400 - 1.304 ms - message: -
[2025-01-10T09:02:57.515Z] error: POST /api/v1/individual/validateotp 400 - 1.293 ms - message: -
[2025-01-10T09:02:57.676Z] error: POST /api/v1/individual/validateotp 400 - 0.778 ms - message: -
[2025-01-10T09:02:57.862Z] error: POST /api/v1/individual/validateotp 400 - 1.286 ms - message: -
[2025-01-10T09:02:58.032Z] error: POST /api/v1/individual/validateotp 400 - 1.054 ms - message: -
[2025-01-10T09:02:58.219Z] error: POST /api/v1/individual/validateotp 400 - 0.967 ms - message: -
[2025-01-10T09:02:58.436Z] error: POST /api/v1/individual/validateotp 400 - 2.460 ms - message: -
[2025-01-10T09:02:58.592Z] error: POST /api/v1/individual/validateotp 400 - 1.029 ms - message: -
[2025-01-10T09:04:05.089Z] error: POST /api/v1/individual/sendForgotPasswordOtp 401 - 14.413 ms - message: -
[2025-01-10T09:04:06.472Z] error: POST /api/v1/individual/sendForgotPasswordOtp 401 - 3.867 ms - message: -
[2025-01-10T09:04:08.638Z] error: POST /api/v1/individual/sendForgotPasswordOtp 401 - 3.224 ms - message: -
[2025-01-10T09:04:08.837Z] error: POST /api/v1/individual/sendForgotPasswordOtp 401 - 5.549 ms - message: -
[2025-01-10T09:04:09.036Z] error: POST /api/v1/individual/sendForgotPasswordOtp 401 - 5.499 ms - message: -
[2025-01-10T09:04:09.266Z] error: POST /api/v1/individual/sendForgotPasswordOtp 401 - 3.207 ms - message: -
[2025-01-10T09:04:09.639Z] error: POST /api/v1/individual/sendForgotPasswordOtp 401 - 3.842 ms - message: -
[2025-01-10T09:04:09.878Z] error: POST /api/v1/individual/sendForgotPasswordOtp 401 - 3.208 ms - message: -
[2025-01-10T09:04:10.084Z] error: POST /api/v1/individual/sendForgotPasswordOtp 401 - 3.977 ms - message: -
[2025-01-10T09:04:10.301Z] error: POST /api/v1/individual/sendForgotPasswordOtp 401 - 2.952 ms - message: -
[2025-01-10T09:04:10.513Z] error: POST /api/v1/individual/sendForgotPasswordOtp 401 - 5.399 ms - message: -
[2025-01-10T09:04:10.754Z] error: POST /api/v1/individual/sendForgotPasswordOtp 401 - 4.120 ms - message: -
[2025-01-10T09:04:10.960Z] error: POST /api/v1/individual/sendForgotPasswordOtp 401 - 3.950 ms - message: -
[2025-01-10T09:04:11.161Z] error: POST /api/v1/individual/sendForgotPasswordOtp 401 - 4.330 ms - message: -
[2025-01-10T09:04:22.678Z] error: POST /api/v1/individual/sendForgotPasswordOtp 401 - 4.269 ms - message: -
[2025-01-10T09:04:48.654Z] error: POST /api/v1/individual/sendotp 409 - 24.559 ms - message: -
[2025-01-10T09:05:18.916Z] error: POST /api/v1/individual/login 401 - 86.240 ms - message: -
[2025-01-10T09:05:21.890Z] error: POST /api/v1/individual/login 401 - 139.825 ms - message: -
[2025-01-10T09:05:43.682Z] error: POST /api/v1/individual/validateotp 400 - 5.198 ms - message: -
[2025-01-10T09:05:49.184Z] error: POST /api/v1/individual/validateotp 400 - 0.911 ms - message: -
[2025-01-10T09:05:58.311Z] error: POST /api/v1/individual/validateotp 400 - 0.769 ms - message: -
[2025-01-10T09:05:58.429Z] error: POST /api/v1/individual/validateotp 400 - 0.789 ms - message: -
[2025-01-10T09:05:58.592Z] error: POST /api/v1/individual/validateotp 400 - 0.716 ms - message: -
[2025-01-10T09:05:58.789Z] error: POST /api/v1/individual/validateotp 400 - 5.244 ms - message: -
[2025-01-10T09:05:58.959Z] error: POST /api/v1/individual/validateotp 400 - 0.767 ms - message: -
[2025-01-10T09:05:59.105Z] error: POST /api/v1/individual/validateotp 400 - 29.019 ms - message: -
[2025-01-10T09:05:59.316Z] error: POST /api/v1/individual/validateotp 400 - 0.958 ms - message: -
[2025-01-10T09:05:59.477Z] error: POST /api/v1/individual/validateotp 400 - 0.752 ms - message: -
[2025-01-10T09:05:59.679Z] error: POST /api/v1/individual/validateotp 400 - 0.842 ms - message: -
[2025-01-10T09:06:06.962Z] error: POST /api/v1/individual/login 401 - 92.112 ms - message: -
[2025-01-10T09:10:07.200Z] error: POST /api/v1/enterprise/login 401 - 90.324 ms - message: -
[2025-01-10T09:11:21.884Z] error: POST /api/v1/individual/login 401 - 82.989 ms - message: -
[2025-01-10T09:15:38.632Z] error: GET /api/v1/enterprise/getProfile/676296bd6fc23ecac9408d04 404 - 5.947 ms - message: -
[2025-01-10T09:15:38.644Z] error: GET /api/v1/enterprise/getProfile/676296bd6fc23ecac9408d04 404 - 4.704 ms - message: -
[2025-01-10T09:15:56.939Z] error: POST /api/v1/subscription 400 - 3.253 ms - message: -
[2025-01-10T09:15:59.094Z] error: POST /api/v1/subscription 400 - 37.333 ms - message: -
[2025-01-10T09:16:19.153Z] error: GET /api/v1/enterprise/getProfile/676296bd6fc23ecac9408d04 404 - 452.560 ms - message: -
[2025-01-10T09:16:19.163Z] error: GET /api/v1/enterprise/getProfile/676296bd6fc23ecac9408d04 404 - 406.276 ms - message: -
[2025-01-10T09:16:53.823Z] error: GET /api/v1/enterprise/getProfile/676296bd6fc23ecac9408d04 404 - 4.526 ms - message: -
[2025-01-10T09:16:53.841Z] error: GET /api/v1/enterprise/getProfile/676296bd6fc23ecac9408d04 404 - 3.313 ms - message: -
[2025-01-10T09:17:04.205Z] error: GET /api/v1/enterprise/getProfile/676296bd6fc23ecac9408d04 404 - 2.882 ms - message: -
[2025-01-10T09:17:04.347Z] error: GET /api/v1/enterprise/getProfile/676296bd6fc23ecac9408d04 404 - 3.140 ms - message: -
[2025-01-10T09:17:47.799Z] error: POST /api/v1/subscription 500 - 888.050 ms - message: -
[2025-01-10T09:20:51.774Z] error: POST /api/v1/subscription 500 - 82.196 ms - message: -
[2025-01-10T09:22:41.497Z] error: POST /api/v1/cardEnterprise 413 - 143.025 ms - message: -
[2025-01-10T09:31:48.311Z] error: POST /api/v1/subscription/verifyPayment 500 - 3516.036 ms - message: -
[2025-01-10T09:33:47.460Z] error: POST /api/v1/subscription/verifyPayment 500 - 3085.205 ms - message: -
[2025-01-10T09:34:03.621Z] error: POST /api/v1/cardEnterprise 413 - 3440.728 ms - message: -
[2025-01-10T09:35:11.573Z] error: POST /api/v1/individual/login 401 - 122.055 ms - message: -
[2025-01-10T09:35:18.023Z] error: POST /api/v1/subscription/verifyPayment 500 - 3081.062 ms - message: -
[2025-01-10T09:35:27.762Z] error: POST /api/v1/individual/validateotp 400 - 1.112 ms - message: -
[2025-01-10T09:35:32.023Z] error: POST /api/v1/individual/validateotp 400 - 1.319 ms - message: -
[2025-01-10T09:35:35.910Z] error: POST /api/v1/individual/validateotp 400 - 0.793 ms - message: -
[2025-01-10T09:35:36.084Z] error: POST /api/v1/individual/validateotp 400 - 0.806 ms - message: -
[2025-01-10T09:35:36.276Z] error: POST /api/v1/individual/validateotp 400 - 0.901 ms - message: -
[2025-01-10T09:35:49.610Z] error: POST /api/v1/individual/validateotp 400 - 1.094 ms - message: -
[2025-01-10T09:35:49.846Z] error: POST /api/v1/individual/validateotp 400 - 0.923 ms - message: -
[2025-01-10T09:35:50.043Z] error: POST /api/v1/individual/validateotp 400 - 0.775 ms - message: -
[2025-01-10T09:36:08.949Z] error: POST /api/v1/individual/login 401 - 115.753 ms - message: -
[2025-01-10T09:36:18.304Z] error: POST /api/v1/individual/login 401 - 69.804 ms - message: -
[2025-01-10T09:36:39.485Z] error: POST /api/v1/individual/login 401 - 81.480 ms - message: -
[2025-01-10T09:36:41.672Z] error: POST /api/v1/individual/login 401 - 110.050 ms - message: -
[2025-01-10T09:36:42.999Z] error: POST /api/v1/individual/login 401 - 82.110 ms - message: -
[2025-01-10T09:37:27.363Z] error: GET /api/v1/enterpriseEmployee/getProfile/6780e9a13ea3a2e2897ccb24 404 - 2.981 ms - message: -
[2025-01-10T09:37:27.404Z] error: GET /api/v1/enterpriseEmployee/getCardForUser/6780e9a13ea3a2e2897ccb24 404 - 26.217 ms - message: -
[2025-01-10T09:38:05.149Z] error: POST /api/v1/individualContact 413 - 286.375 ms - message: -
[2025-01-10T09:38:10.043Z] error: POST /api/v1/individualContact 413 - 262.439 ms - message: -
[2025-01-10T09:38:18.020Z] error: POST /api/v1/individualContact 413 - 286.051 ms - message: -
[2025-01-10T09:38:33.485Z] error: POST /api/v1/individualContact 413 - 268.425 ms - message: -
[2025-01-10T09:38:55.399Z] error: POST /api/v1/individual/sendForgotPasswordOtp 401 - 4.011 ms - message: -
[2025-01-10T09:39:03.002Z] error: POST /api/v1/individual/sendForgotPasswordOtp 401 - 3.706 ms - message: -
[2025-01-10T09:39:22.068Z] error: POST /api/v1/individualContact 413 - 306.260 ms - message: -
[2025-01-10T09:40:03.557Z] error: POST /api/v1/individual/login 404 - 6.915 ms - message: -
[2025-01-10T09:40:53.154Z] error: POST /api/v1/individualContact 413 - 231.327 ms - message: -
[2025-01-10T09:40:59.077Z] error: POST /api/v1/individual/sendForgotPasswordOtp 401 - 4.379 ms - message: -
[2025-01-10T09:42:12.440Z] error: POST /api/v1/subscription 400 - 0.827 ms - message: -
[2025-01-10T09:42:46.501Z] error: GET /api/v1/card/ 404 - 1.300 ms - message: -
[2025-01-10T09:42:59.402Z] error: GET /api/v1/card/ 404 - 1.292 ms - message: -
[2025-01-10T09:43:00.937Z] error: GET /api/v1/card/ 404 - 0.767 ms - message: -
[2025-01-10T09:45:39.184Z] error: GET /api/v1/enterpriseEmployee/getProfile/6780e9a13ea3a2e2897ccb24 404 - 5.607 ms - message: -
[2025-01-10T09:47:11.352Z] error: POST /api/v1/individual/sendForgotPasswordOtp 401 - 6.429 ms - message: -
[2025-01-10T09:47:43.584Z] error: POST /api/v1/individual/sendForgotPasswordOtp 401 - 3.489 ms - message: -
[2025-01-10T09:48:37.110Z] error: POST /api/v1/individual/sendForgotPasswordOtp 401 - 31.778 ms - message: -
[2025-01-10T09:50:18.344Z] error: POST /api/v1/individual/sendForgotPasswordOtp 401 - 28.574 ms - message: -
[2025-01-10T09:53:24.323Z] error: POST /api/v1/individual/sendForgotPasswordOtp 401 - 3.869 ms - message: -
[2025-01-10T09:54:19.880Z] error: POST /api/v1/individual/sendForgotPasswordOtp 401 - 5.024 ms - message: -
[2025-01-10T09:55:42.722Z] error: POST /api/v1/individual/validateotp 400 - 1.028 ms - message: -
[2025-01-10T09:57:27.839Z] error: POST /api/v1/individual/validateotp 400 - 0.858 ms - message: -
[2025-01-10T09:57:29.512Z] error: POST /api/v1/cardEnterprise 413 - 190.032 ms - message: -
[2025-01-10T10:10:19.699Z] error: POST /api/v1/cardEnterprise 409 - 31.168 ms - message: -
[2025-01-10T10:16:11.488Z] error: PATCH /api/v1/card/updateLogo 500 - 1.512 ms - message: -
[2025-01-10T10:18:33.880Z] error: POST /api/v1/individual/sendForgotPasswordOtp 400 - 0.568 ms - message: -
[2025-01-10T10:19:50.623Z] error: POST /api/v1/individual/validateotp 400 - 0.840 ms - message: -
[2025-01-10T10:39:16.545Z] error: POST /api/v1/individual/login 401 - 112.151 ms - message: -
[2025-01-10T10:39:54.191Z] error: GET /api/v1/media/getUploadUrl?fileName=image_cropper_1736505586844-20250110-ef3ac0de-a4e9-4020-b335-f193dd967055.jpg&contentType=.jpg 404 - 1.235 ms - message: -
[2025-01-10T10:40:01.195Z] error: POST /api/v1/cardEnterprise 409 - 31.324 ms - message: -
[2025-01-10T10:50:53.616Z] error: GET /api/v1/media/getUploadUrl?fileName=image_cropper_1736506251544-20250110-6c91abd6-99b8-478c-87cf-fc10fd686fc8.jpg&contentType=.jpg 404 - 0.913 ms - message: -
[2025-01-10T10:59:08.271Z] error: GET /api/v1/media/getUploadUrl?fileName=image_cropper_1736506740026-20250110-fb1200ca-26f1-415d-97bb-8b5a56c8d5d0.jpg&contentType=.jpg 404 - 1.581 ms - message: -
[2025-01-10T11:07:50.243Z] error: GET /api/v1/media/getUploadUrl?fileName=image_cropper_1736507266137-20250110-76d10ce2-bb08-496c-bc70-9e4d514a1d88.jpg&contentType=.jpg 404 - 0.732 ms - message: -
[2025-01-10T11:13:32.026Z] error: GET /api/v1/media/getUploadUrl?fileName=image_cropper_1736507608247-20250110-68694778-8790-41f5-b74b-5da822d7b251.jpg&contentType=.jpg 404 - 0.683 ms - message: -
[2025-01-10T11:18:16.471Z] error: GET /api/v1/media/getUploadUrl?fileName=image_cropper_1736507892780-20250110-e57046ec-299c-46d8-ad8c-bad6fa52c223.jpg&contentType=.jpg 404 - 0.534 ms - message: -
[2025-01-10T11:28:20.976Z] error: GET /api/v1/media/getUploadUrl?fileName=image_cropper_1736508490813-20250110-76abe1c4-1af5-48a8-ab87-ab2ed58e550d.jpg&contentType=.jpg 404 - 1.685 ms - message: -
[2025-01-10T11:29:21.313Z] error: GET /api/v1/media/getUploadUrl?fileName=image_cropper_1736508555322-20250110-03b81d56-1a32-47a1-8021-35219560a107.jpg&contentType=.jpg 404 - 0.700 ms - message: -
[2025-01-10T11:30:02.258Z] error: POST /api/v1/message/sendMessage 404 - 11.266 ms - message: -
[2025-01-10T11:30:08.827Z] error: POST /api/v1/message/sendMessage 404 - 11.973 ms - message: -
[2025-01-10T11:31:14.020Z] error: GET /api/v1/media/getUploadUrl?fileName=image_cropper_1736508671047-20250110-2dc6cb0b-1e30-42db-a112-f32ea157cf38.jpg&contentType=.jpg 404 - 0.631 ms - message: -
[2025-01-10T11:34:14.948Z] error: GET /api/v1/media/getUploadUrl?fileName=image_cropper_1736508851990-20250110-5ee552e4-8533-42bb-9446-c262fb345e73.jpg&contentType=.jpg 404 - 0.622 ms - message: -
[2025-01-10T11:43:34.086Z] error: GET /api/v1/referral/details/676296bd6fc23ecac9408d04 500 - 12.402 ms - message: -
[2025-01-10T11:45:55.343Z] error: POST /api/v1/enterprise/login 401 - 125.232 ms - message: -
[2025-01-10T11:46:18.581Z] error: GET /api/v1/media/getUploadUrl?fileName=image_cropper_1736509575960-20250110-4d26eff0-0849-45f2-a0e6-35943e70a679.jpg&contentType=.jpg 404 - 0.719 ms - message: -
[2025-01-10T11:46:20.583Z] error: PATCH /api/v1/enterprise/updateProfile 409 - 36.323 ms - message: -
[2025-01-10T11:46:53.881Z] error: GET /api/v1/media/getUploadUrl?fileName=image_cropper_1736509611811-20250110-d62eec17-7c88-413f-941c-bb157be3cc11.jpg&contentType=.jpg 404 - 0.646 ms - message: -
[2025-01-10T11:46:55.639Z] error: PATCH /api/v1/enterprise/updateProfile 409 - 38.931 ms - message: -
[2025-01-10T11:51:56.310Z] error: GET /api/v1/referral/details/676296bd6fc23ecac9408d04 500 - 9.009 ms - message: -
[2025-01-10T11:58:33.569Z] error: GET /api/v1/referral/details/676296bd6fc23ecac9408d04 500 - 20.575 ms - message: -
[2025-01-10T11:58:44.191Z] error: GET /api/v1/referral/details/676296bd6fc23ecac9408d04 500 - 15.800 ms - message: -
[2025-01-10T11:58:57.475Z] error: GET /api/v1/referral/details/676296bd6fc23ecac9408d04 500 - 18.832 ms - message: -
[2025-01-10T12:02:15.785Z] error: GET /api/v1/referral/details/676296bd6fc23ecac9408d04 500 - 18.044 ms - message: -
[2025-01-10T12:02:21.267Z] error: GET /api/v1/referral/details/676296bd6fc23ecac9408d04 500 - 10.089 ms - message: -
[2025-01-10T12:05:16.409Z] error: POST /api/v1/individual/login 401 - 91.137 ms - message: -
[2025-01-10T12:05:43.095Z] error: GET /api/v1/referral/details/676296bd6fc23ecac9408d04 500 - 7.841 ms - message: -
[2025-01-10T12:06:12.076Z] error: GET /api/v1/referral/details/676296bd6fc23ecac9408d04 500 - 11.917 ms - message: -
[2025-01-10T12:09:37.761Z] error: GET /api/v1/media/getUploadUrl?fileName=image_cropper_1736510969348-20250110-8e335fa3-cd2a-47e6-b1cf-1b7469a2237a.jpg&contentType=.jpg 404 - 2.120 ms - message: -
[2025-01-10T12:10:03.081Z] error: GET /api/v1/referral/details/676296bd6fc23ecac9408d04 500 - 30.002 ms - message: -
[2025-01-10T12:10:18.817Z] error: GET /api/v1/referral/details/676296bd6fc23ecac9408d04 500 - 8.496 ms - message: -
[2025-01-10T12:10:54.591Z] error: POST /api/v1/enterprise/login 404 - 5.240 ms - message: -
[2025-01-10T12:11:34.407Z] error: PATCH /api/v1/enterprise/updateProfile 409 - 46.039 ms - message: -
[2025-01-10T12:14:44.959Z] error: GET /api/v1/media/getUploadUrl?fileName=image_cropper_1736511282631-20250110-a60d032f-65ad-4155-9fd2-36ea951473a9.jpg&contentType=.jpg 404 - 0.579 ms - message: -
[2025-01-10T12:14:53.515Z] error: PATCH /api/v1/enterprise/updateProfile 409 - 54.727 ms - message: -
[2025-01-10T12:16:00.382Z] error: GET /api/v1/referral/details/676296bd6fc23ecac9408d04 500 - 13.210 ms - message: -
[2025-01-10T12:16:16.988Z] error: GET /api/v1/referral/details/676296bd6fc23ecac9408d04 500 - 10.841 ms - message: -
[2025-01-10T12:16:38.954Z] error: GET /api/v1/referral/details/676296bd6fc23ecac9408d04 500 - 77.152 ms - message: -
[2025-01-10T12:21:13.800Z] error: POST /api/v1/individual/login 404 - 4.405 ms - message: -
[2025-01-10T12:21:23.849Z] error: POST /api/v1/individual/login 401 - 133.126 ms - message: -
[2025-01-10T12:25:02.606Z] error: GET /api/v1/media/getUploadUrl?fileName=image_cropper_1736511900156-20250110-27bc37ae-f1e1-4539-a752-1871d46580c4.jpg&contentType=.jpg 404 - 1.259 ms - message: -
[2025-01-10T12:25:04.453Z] error: PATCH /api/v1/individual/updateProfile 400 - 148.395 ms - message: -
[2025-01-10T12:26:47.388Z] error: GET /api/v1/referral/details/676296bd6fc23ecac9408d04 500 - 16.130 ms - message: -
[2025-01-10T12:27:04.817Z] error: GET /api/v1/referral/details/676296bd6fc23ecac9408d04 500 - 13.532 ms - message: -
[2025-01-10T12:27:23.323Z] error: PATCH /api/v1/enterprise/updateProfile 409 - 15.622 ms - message: -
[2025-01-10T12:31:16.625Z] error: GET /api/v1/media/getUploadUrl?fileName=image_cropper_1736512274095-20250110-2fbacdd4-51e6-4424-bb0d-c2de23cdbb9b.jpg&contentType=.jpg 404 - 0.664 ms - message: -
[2025-01-10T12:31:18.536Z] error: PATCH /api/v1/enterprise/updateProfile 409 - 28.560 ms - message: -
[2025-01-10T12:31:22.893Z] error: PATCH /api/v1/enterprise/updateProfile 409 - 25.062 ms - message: -
[2025-01-10T12:34:35.388Z] error: POST /api/v1/individual/login 404 - 3.568 ms - message: -
[2025-01-10T12:34:44.804Z] error: POST /api/v1/individual/login 401 - 86.410 ms - message: -
[2025-01-10T12:36:42.641Z] error: DELETE /api/v1/individualContact/6780d9974d4fc55603da4e92 404 - 3.439 ms - message: -
[2025-01-10T12:37:44.193Z] error: DELETE /api/v1/individualContact/676fef6a0c6150e347c8bbaa 404 - 2.952 ms - message: -
[2025-01-10T23:39:46.330Z] error: GET / 404 - 1.188 ms - message: -
[2025-01-10T23:47:10.472Z] error: GET /favicon.ico 404 - 0.613 ms - message: -
[2025-01-11T00:22:08.075Z] error: GET / 404 - 1.147 ms - message: -
[2025-01-11T00:28:11.046Z] error: GET /favicon.ico 404 - 0.687 ms - message: -
[2025-01-11T01:09:01.026Z] error: GET /favicon.ico 404 - 1.381 ms - message: -
[2025-01-11T02:30:02.692Z] error: GET / 404 - 9.113 ms - message: -
[2025-01-11T02:39:28.505Z] error: GET / 404 - 1.649 ms - message: -
[2025-01-11T03:07:14.274Z] error: PATCH /api/v1/meeting/update-meeting-status 500 - 38.615 ms - message: -
[2025-01-11T03:07:30.327Z] error: PATCH /api/v1/meeting/update-meeting-status 500 - 31.786 ms - message: -
[2025-01-11T03:07:35.837Z] error: PATCH /api/v1/meeting/update-meeting-status 500 - 34.720 ms - message: -
[2025-01-11T03:09:31.462Z] error: PATCH /api/v1/enterpriseMeeting/update-meeting-status 500 - 32.363 ms - message: -
[2025-01-11T03:09:47.964Z] error: PATCH /api/v1/enterpriseMeeting/update-meeting-status 500 - 49.624 ms - message: -
[2025-01-11T05:13:26.790Z] error: PATCH /api/v1/meeting/update-meeting-status 500 - 70.957 ms - message: -
[2025-01-11T05:14:48.635Z] error: GET /api/v1/media/getUploadUrl?fileName=image_cropper_1736572477300-20250111-5e7888e1-25d1-4871-b0f5-f90046c08e34.jpg&contentType=.jpg 404 - 1.652 ms - message: -
[2025-01-11T05:14:57.577Z] error: PATCH /api/v1/individual/updateProfile 400 - 134.500 ms - message: -
[2025-01-11T05:15:06.542Z] error: PATCH /api/v1/individual/updateProfile 400 - 105.112 ms - message: -
[2025-01-11T05:22:01.170Z] error: GET /api/v1/media/getUploadUrl?fileName=image_cropper_1736572914857-20250111-1584b7fa-2016-4a8b-8b33-8998cdc82f1b.jpg&contentType=.jpg 404 - 0.814 ms - message: -
[2025-01-11T05:22:04.677Z] error: PATCH /api/v1/individual/updateProfile 400 - 224.732 ms - message: -
[2025-01-11T05:25:00.963Z] error: PATCH /api/v1/individual/updateProfile 400 - 13.619 ms - message: -
[2025-01-11T05:26:52.793Z] error: PATCH /api/v1/enterpriseMeeting/update-meeting-status 500 - 113.144 ms - message: -
[2025-01-11T05:26:59.441Z] error: PATCH /api/v1/enterpriseMeeting/update-meeting-status 500 - 26.690 ms - message: -
[2025-01-11T05:27:12.578Z] error: PATCH /api/v1/enterpriseMeeting/update-meeting-status 500 - 34.976 ms - message: -
[2025-01-11T05:27:13.229Z] error: PATCH /api/v1/enterpriseMeeting/update-meeting-status 500 - 42.968 ms - message: -
[2025-01-11T05:27:13.349Z] error: PATCH /api/v1/enterpriseMeeting/update-meeting-status 500 - 84.047 ms - message: -
[2025-01-11T05:27:15.178Z] error: PATCH /api/v1/enterpriseMeeting/update-meeting-status 500 - 33.863 ms - message: -
[2025-01-11T05:27:15.189Z] error: PATCH /api/v1/enterpriseMeeting/update-meeting-status 500 - 113.385 ms - message: -
[2025-01-11T05:30:12.959Z] error: PATCH /api/v1/meeting/update-meeting-status 500 - 48.640 ms - message: -
[2025-01-11T05:30:45.921Z] error: PATCH /api/v1/meeting/update-meeting-status 500 - 40.622 ms - message: -
[2025-01-11T05:37:34.395Z] error: POST /api/v1/individual/validateotp 400 - 1.567 ms - message: -
[2025-01-11T05:37:47.754Z] error: POST /api/v1/individual/validateotp 400 - 4.353 ms - message: -
[2025-01-11T05:38:41.201Z] error: POST /api/v1/individual/login 401 - 82.289 ms - message: -
[2025-01-11T05:39:13.237Z] error: POST /api/v1/enterprise/validateotp 401 - 4.012 ms - message: -
[2025-01-11T05:39:54.740Z] error: POST /api/v1/enterprise/validateotp 401 - 4.634 ms - message: -
[2025-01-11T05:40:04.381Z] error: POST /api/v1/individual/validateotp 400 - 0.847 ms - message: -
[2025-01-11T05:41:16.339Z] error: POST /api/v1/subscription 400 - 1.403 ms - message: -
[2025-01-11T05:41:22.345Z] error: POST /api/v1/subscription 400 - 0.888 ms - message: -
[2025-01-11T05:41:35.765Z] error: POST /api/v1/subscription 400 - 0.985 ms - message: -
[2025-01-11T05:41:47.575Z] error: POST /api/v1/subscription 400 - 0.862 ms - message: -
[2025-01-11T05:41:58.014Z] error: POST /api/v1/subscription 400 - 0.869 ms - message: -
[2025-01-11T06:01:50.226Z] error: POST /api/v1/subscription 400 - 2.990 ms - message: -
[2025-01-11T06:02:08.472Z] error: POST /api/v1/subscription 400 - 0.935 ms - message: -
[2025-01-11T06:02:10.293Z] error: POST /api/v1/subscription 400 - 1.775 ms - message: -
[2025-01-11T06:02:12.024Z] error: POST /api/v1/subscription 400 - 1.039 ms - message: -
[2025-01-11T06:02:13.852Z] error: POST /api/v1/subscription 400 - 0.834 ms - message: -
[2025-01-11T06:16:05.441Z] error: GET /api/v1/media/getUploadUrl?fileName=image_cropper_1736576163650-20250111-73868bab-6bab-414b-b693-ce3573fdd3bc.jpg&contentType=.jpg 404 - 4.289 ms - message: -
[2025-01-11T06:16:07.345Z] error: PATCH /api/v1/individual/updateProfile 400 - 153.435 ms - message: -
[2025-01-11T06:18:18.394Z] error: GET /api/v1/media/getUploadUrl?fileName=image_cropper_1736576295175-20250111-41f06f3e-da08-447b-84fc-d4b2377c5895.jpg&contentType=.jpg 404 - 1.200 ms - message: -
[2025-01-11T06:18:20.768Z] error: PATCH /api/v1/individual/updateProfile 400 - 184.521 ms - message: -
[2025-01-11T06:19:21.403Z] error: GET /api/v1/media/getUploadUrl?fileName=image_cropper_1736576360171-20250111-d2104741-9540-4ce0-bdb9-362c2bce7f3e.jpg&contentType=.jpg 404 - 0.696 ms - message: -
[2025-01-11T06:19:23.236Z] error: PATCH /api/v1/individual/updateProfile 400 - 183.836 ms - message: -
[2025-01-11T06:27:10.844Z] error: GET /api/v1/media/getUploadUrl?fileName=image_cropper_1736576829216-20250111-ab1e4fd8-2d8a-419d-8bdc-2565f918013d.jpg&contentType=.jpg 404 - 1.186 ms - message: -
[2025-01-11T06:27:12.929Z] error: PATCH /api/v1/individual/updateProfile 400 - 255.939 ms - message: -
[2025-01-11T06:27:44.802Z] error: PATCH /api/v1/individual/updateProfile 400 - 249.721 ms - message: -
[2025-01-11T06:28:10.877Z] error: PATCH /api/v1/individual/updateProfile 400 - 170.084 ms - message: -
[2025-01-11T06:28:36.228Z] error: PATCH /api/v1/individual/updateProfile 400 - 191.061 ms - message: -
[2025-01-11T06:28:50.869Z] error: PATCH /api/v1/individual/updateProfile 400 - 185.062 ms - message: -
[2025-01-11T06:29:12.320Z] error: PATCH /api/v1/individual/updateProfile 400 - 161.083 ms - message: -
[2025-01-11T06:29:50.216Z] error: PATCH /api/v1/individual/updateProfile 400 - 160.127 ms - message: -
[2025-01-11T06:30:01.700Z] error: PATCH /api/v1/individual/updateProfile 400 - 198.281 ms - message: -
[2025-01-11T06:30:07.952Z] error: PATCH /api/v1/individual/updateProfile 400 - 159.612 ms - message: -
[2025-01-11T06:30:20.464Z] error: PATCH /api/v1/individual/updateProfile 400 - 190.594 ms - message: -
[2025-01-11T06:30:22.793Z] error: PATCH /api/v1/individual/updateProfile 400 - 173.589 ms - message: -
[2025-01-11T06:30:29.810Z] error: PATCH /api/v1/individual/updateProfile 400 - 222.958 ms - message: -
[2025-01-11T06:30:54.384Z] error: PATCH /api/v1/individual/updateProfile 400 - 147.473 ms - message: -
[2025-01-11T06:31:28.911Z] error: PATCH /api/v1/individual/updateProfile 400 - 178.953 ms - message: -
[2025-01-11T06:31:47.338Z] error: PATCH /api/v1/individual/updateProfile 400 - 149.641 ms - message: -
[2025-01-11T06:32:02.838Z] error: PATCH /api/v1/individual/updateProfile 400 - 217.286 ms - message: -
[2025-01-11T06:35:48.576Z] error: GET /api/v1/referral/details/676296bd6fc23ecac9408d04 500 - 14.174 ms - message: -
[2025-01-11T06:36:20.374Z] error: POST /api/v1/subscription/verifyPayment 500 - 3681.676 ms - message: -
[2025-01-11T06:36:58.101Z] error: POST /api/v1/subscription/verifyPayment 500 - 2958.376 ms - message: -
[2025-01-11T06:37:04.651Z] error: POST /api/v1/subscription 400 - 1.116 ms - message: -
[2025-01-11T06:37:11.531Z] error: POST /api/v1/subscription 400 - 0.769 ms - message: -
[2025-01-11T06:37:14.250Z] error: POST /api/v1/subscription 400 - 1.074 ms - message: -
[2025-01-11T06:37:16.751Z] error: POST /api/v1/subscription 400 - 1.614 ms - message: -
[2025-01-11T06:37:20.285Z] error: POST /api/v1/subscription 400 - 5.329 ms - message: -
[2025-01-11T06:37:23.461Z] error: POST /api/v1/subscription 400 - 1.198 ms - message: -
[2025-01-11T06:37:31.977Z] error: POST /api/v1/subscription 400 - 0.783 ms - message: -
[2025-01-11T06:37:38.350Z] error: POST /api/v1/subscription 400 - 0.999 ms - message: -
[2025-01-11T06:37:45.629Z] error: POST /api/v1/individual/signup 409 - 9.097 ms - message: -
[2025-01-11T06:37:55.564Z] error: POST /api/v1/individual/sendotp 409 - 4.340 ms - message: -
[2025-01-11T06:39:54.829Z] error: GET /api/v1/referral/details/676296bd6fc23ecac9408d04 500 - 35.278 ms - message: -
[2025-01-11T06:40:20.945Z] error: POST /api/v1/subscription 400 - 5.511 ms - message: -
[2025-01-11T06:41:44.529Z] error: POST /api/v1/individual/login 401 - 98.920 ms - message: -
[2025-01-11T06:41:49.062Z] error: POST /api/v1/individual/login 401 - 95.721 ms - message: -
[2025-01-11T06:43:04.194Z] error: POST /api/v1/individualContact 413 - 753.569 ms - message: -
[2025-01-11T06:43:12.921Z] error: POST /api/v1/individualContact 413 - 335.146 ms - message: -
[2025-01-11T06:46:54.069Z] error: POST /api/v1/subscription/verifyPayment 500 - 3005.537 ms - message: -
[2025-01-11T06:55:50.312Z] error: POST /api/v1/enterprise/login 404 - 7.087 ms - message: -
[2025-01-11T06:56:12.053Z] error: GET /api/v1/media/getUploadUrl?fileName=image_cropper_1736578570466-20250111-c22aad28-4a2e-4d75-b5af-ae36485d2d7a.jpg&contentType=.jpg 404 - 1.273 ms - message: -
[2025-01-11T06:56:28.000Z] error: POST /api/v1/subscription/verifyPayment 500 - 3144.062 ms - message: -
[2025-01-11T06:57:55.850Z] error: GET /api/v1/media/getUploadUrl?fileName=image_cropper_1736578674497-20250111-c7d0faad-0357-424b-9de1-039e1d961b0b.jpg&contentType=.jpg 404 - 1.315 ms - message: -
[2025-01-11T07:00:33.023Z] error: POST /api/v1/individual/sendotp 409 - 14.674 ms - message: -
[2025-01-11T07:00:46.671Z] error: POST /api/v1/individual/sendotp 409 - 4.712 ms - message: -
[2025-01-11T07:01:31.325Z] error: POST /api/v1/individual/sendotp 409 - 19.676 ms - message: -
[2025-01-11T07:03:23.427Z] error: GET /api/v1/media/getUploadUrl?fileName=image_cropper_1736579001757-20250111-04890dd5-ef00-4ba0-b6c9-40ba86be3eba.jpg&contentType=.jpg 404 - 0.744 ms - message: -
[2025-01-11T07:04:02.005Z] error: GET /api/v1/media/getUploadUrl?fileName=image_cropper_1736579040275-20250111-9fa36b95-a325-4511-aee7-d94de4df03e0.jpg&contentType=.jpg 404 - 0.692 ms - message: -
[2025-01-11T07:04:09.507Z] error: POST /api/v1/individual/login 404 - 47.745 ms - message: -
[2025-01-11T07:04:15.209Z] error: POST /api/v1/individual/login 404 - 3.325 ms - message: -
[2025-01-11T07:04:22.141Z] error: POST /api/v1/individual/login 404 - 14.506 ms - message: -
[2025-01-11T07:05:19.794Z] error: PATCH /api/v1/individual/updateProfile 404 - 30.404 ms - message: -
[2025-01-11T07:05:34.545Z] error: PATCH /api/v1/individual/updateProfile 404 - 241.192 ms - message: -
[2025-01-11T07:05:40.378Z] error: GET /api/v1/media/getUploadUrl?fileName=image_cropper_1736579138506-20250111-4540fba5-ac89-4889-a7a7-498170a36762.jpg&contentType=.jpg 404 - 0.709 ms - message: -
[2025-01-11T07:05:41.924Z] error: PATCH /api/v1/individual/updateProfile 404 - 121.977 ms - message: -
[2025-01-11T07:10:37.734Z] error: PATCH /api/v1/individual/updateProfile 404 - 26.524 ms - message: -
[2025-01-11T07:10:49.981Z] error: GET /api/v1/media/getUploadUrl?fileName=image_cropper_1736579448462-20250111-0de61b4a-dd4e-4400-b30d-35bb396e73c3.jpg&contentType=.jpg 404 - 0.722 ms - message: -
[2025-01-11T07:10:51.341Z] error: PATCH /api/v1/individual/updateProfile 404 - 186.776 ms - message: -
[2025-01-11T07:11:38.726Z] error: GET /api/v1/card/ 404 - 4.109 ms - message: -
[2025-01-11T07:12:13.825Z] error: GET /api/v1/card/ 404 - 1.571 ms - message: -
[2025-01-11T07:19:04.839Z] error: POST /api/v1/card 413 - 1087.587 ms - message: -
[2025-01-11T07:19:37.621Z] error: POST /api/v1/card 413 - 875.783 ms - message: -
[2025-01-11T07:19:42.301Z] error: POST /api/v1/card 413 - 350.559 ms - message: -
[2025-01-11T07:19:51.901Z] error: POST /api/v1/card 413 - 350.697 ms - message: -
[2025-01-11T07:19:56.355Z] error: POST /api/v1/card 413 - 415.421 ms - message: -
[2025-01-11T07:49:09.481Z] error: GET /api/v1/referral/details/676296bd6fc23ecac9408d04 500 - 9.772 ms - message: -
[2025-01-11T07:49:19.255Z] error: GET /api/v1/referral/details/676296bd6fc23ecac9408d04 500 - 63.172 ms - message: -
[2025-01-11T08:22:34.353Z] error: POST /api/v1/individual/login 404 - 5.234 ms - message: -
[2025-01-11T08:22:47.559Z] error: POST /api/v1/individual/login 404 - 3.507 ms - message: -
[2025-01-11T08:55:53.289Z] error: GET /api/v1/card/ 404 - 2.109 ms - message: -
[2025-01-11T08:55:55.358Z] error: GET /api/v1/card/ 404 - 0.784 ms - message: -
[2025-01-11T08:55:56.127Z] error: GET /api/v1/card/ 404 - 0.831 ms - message: -
[2025-01-11T09:07:54.105Z] error: GET /api/v1/media/getUploadUrl?fileName=image_cropper_1736586472345-20250111-4b396f6a-9b41-482e-8c2d-42455d5d9364.jpg&contentType=.jpg 404 - 1.221 ms - message: -
[2025-01-11T09:07:56.569Z] error: PATCH /api/v1/individual/updateProfile 404 - 223.960 ms - message: -
[2025-01-11T09:43:51.197Z] error: GET /api/v1/media/getUploadUrl?fileName=image_cropper_1736588629352-20250111-50fb703b-b3cb-464c-8fbc-bb89047204aa.jpg&contentType=.jpg 404 - 1.514 ms - message: -
[2025-01-11T09:43:57.079Z] error: PATCH /api/v1/individual/updateProfile 404 - 167.491 ms - message: -
[2025-01-11T09:44:11.719Z] error: PATCH /api/v1/individual/updateProfile 404 - 173.001 ms - message: -
[2025-01-11T09:44:44.983Z] error: PATCH /api/v1/individual/updateProfile 404 - 177.607 ms - message: -
[2025-01-11T09:46:40.574Z] error: PATCH /api/v1/individual/updateProfile 404 - 56.218 ms - message: -
[2025-01-11T09:49:35.376Z] error: PATCH /api/v1/individual/updateProfile 404 - 42.201 ms - message: -
[2025-01-11T09:51:22.030Z] error: PATCH /api/v1/individual/updateProfile 404 - 100.285 ms - message: -
[2025-01-11T09:52:02.756Z] error: PATCH /api/v1/individual/updateProfile 404 - 51.679 ms - message: -
[2025-01-11T09:52:16.314Z] error: GET /api/v1/media/getUploadUrl?fileName=image_cropper_1736589134770-20250111-dc1775f3-d4d4-4554-971f-da44c345e20b.jpg&contentType=.jpg 404 - 0.589 ms - message: -
[2025-01-11T09:52:18.262Z] error: PATCH /api/v1/individual/updateProfile 404 - 151.438 ms - message: -
[2025-01-11T09:52:30.574Z] error: PATCH /api/v1/individual/updateProfile 404 - 22.914 ms - message: -
[2025-01-11T09:52:35.854Z] error: PATCH /api/v1/individual/updateProfile 404 - 22.119 ms - message: -
[2025-01-11T09:52:40.879Z] error: PATCH /api/v1/individual/updateProfile 404 - 23.215 ms - message: -
[2025-01-11T09:55:49.551Z] error: POST /api/v1/enterprise/sendotp 409 - 15.129 ms - message: -
[2025-01-11T09:55:55.449Z] error: POST /api/v1/enterprise/sendotp 409 - 12.379 ms - message: -
[2025-01-11T09:56:01.280Z] error: POST /api/v1/enterprise/sendotp 409 - 13.233 ms - message: -
[2025-01-11T13:37:54.955Z] error: GET / 404 - 1.389 ms - message: -
[2025-01-11T16:04:33.476Z] error: GET / 404 - 2.037 ms - message: -
[2025-01-12T04:17:01.620Z] error: GET / 404 - 1.594 ms - message: -
[2025-01-12T05:46:48.731Z] error: POST /api/v1/subscription/verifyPayment 500 - 4943.298 ms - message: -
[2025-01-12T06:51:33.059Z] error: GET /api/v1/card/ 404 - 1.316 ms - message: -
[2025-01-12T06:51:35.146Z] error: GET /api/v1/card/ 404 - 0.676 ms - message: -
[2025-01-12T06:51:56.132Z] error: GET /api/v1/card/ 404 - 0.870 ms - message: -
[2025-01-12T08:30:11.904Z] error: GET / 404 - 0.722 ms - message: -
[2025-01-12T08:31:31.742Z] error: GET / 404 - 0.628 ms - message: -
[2025-01-12T13:38:20.588Z] error: GET / 404 - 1.398 ms - message: -
[2025-01-12T13:39:45.264Z] error: GET / 404 - 0.895 ms - message: -
[2025-01-12T13:39:45.797Z] error: GET /favicon.ico 404 - 1.554 ms - message: -
[2025-01-12T16:57:27.897Z] error: GET / 404 - 1.847 ms - message: -
[2025-01-12T19:56:34.876Z] error: GET / 404 - 3.546 ms - message: -
[2025-01-13T01:37:57.946Z] error: GET / 404 - 1.400 ms - message: -
[2025-01-13T01:41:37.267Z] error: GET / 404 - 0.774 ms - message: -
[2025-01-13T01:41:37.460Z] error: GET /favicon.ico 404 - 0.592 ms - message: -
[2025-01-13T01:41:37.635Z] error: GET /sitemap.xml 404 - 0.675 ms - message: -
[2025-01-13T01:41:37.638Z] error: GET /robots.txt 404 - 0.628 ms - message: -
[2025-01-13T02:31:07.415Z] error: GET / 404 - 0.744 ms - message: -
[2025-01-13T03:06:32.388Z] error: GET / 404 - 0.783 ms - message: -
[2025-01-13T04:54:07.735Z] error: POST /api/v1/individual/login 404 - 4.122 ms - message: -
[2025-01-13T04:54:18.440Z] error: POST /api/v1/individual/login 401 - 108.567 ms - message: -
[2025-01-13T05:17:56.251Z] error: GET /api/v1/referral/details/676296bd6fc23ecac9408d04 500 - 14.241 ms - message: -
[2025-01-13T05:18:02.403Z] error: GET /api/v1/referral/details/676296bd6fc23ecac9408d04 500 - 29.660 ms - message: -
[2025-01-13T05:33:27.966Z] error: PATCH /api/v1/card 413 - 2510.777 ms - message: -
[2025-01-13T05:33:37.646Z] error: PATCH /api/v1/card 413 - 1907.029 ms - message: -
[2025-01-13T05:33:49.579Z] error: PATCH /api/v1/card 413 - 1086.692 ms - message: -
[2025-01-13T05:35:12.608Z] error: PATCH /api/v1/card 413 - 704.347 ms - message: -
[2025-01-13T05:37:29.838Z] error: PATCH /api/v1/card 413 - 960.052 ms - message: -
[2025-01-13T05:38:33.013Z] error: PATCH /api/v1/card 413 - 1056.352 ms - message: -
[2025-01-13T06:41:03.029Z] error: POST /api/v1/individual/sendotp 409 - 22.088 ms - message: -
[2025-01-13T07:08:28.307Z] error: POST /api/v1/enterpriseEmployee/createProfile 400 - 1.757 ms - message: -
[2025-01-13T07:08:58.469Z] error: POST /api/v1/enterpriseEmployee/createProfile 413 - 177.636 ms - message: -
[2025-01-13T07:11:35.413Z] error: POST /api/v1/individual/login 401 - 85.453 ms - message: -
[2025-01-13T07:11:38.158Z] error: POST /api/v1/individual/login 401 - 114.160 ms - message: -
[2025-01-13T07:11:40.544Z] error: POST /api/v1/individual/login 401 - 90.130 ms - message: -
[2025-01-13T07:18:45.637Z] error: POST /api/v1/enterpriseEmployee/createProfile 400 - 38.077 ms - message: -
[2025-01-13T07:19:32.580Z] error: POST /api/v1/enterpriseEmployee/createProfile 400 - 51.509 ms - message: -
[2025-01-13T07:25:58.622Z] error: PATCH /api/v1/enterpriseMeeting/update-meeting-status 500 - 26.301 ms - message: -
[2025-01-13T07:26:02.909Z] error: PATCH /api/v1/enterpriseMeeting/update-meeting-status 500 - 21.778 ms - message: -
[2025-01-13T07:26:05.315Z] error: PATCH /api/v1/enterpriseMeeting/update-meeting-status 500 - 22.530 ms - message: -
