[2025-01-06T06:58:41.150Z] [31merror[39m: GET /admin/supportticketsystem/viewandrespondticket/ 404 - 2.542 ms - message: -
[2025-01-06T06:58:43.937Z] [31merror[39m: GET /api/v1a 404 - 0.770 ms - message: -
[2025-01-06T11:34:16.884Z] [31merror[39m: GET /api/v 404 - 8.180 ms - message: -
[2025-01-06T11:41:03.089Z] [31merror[39m: GET /api/v1/users?ID=12345 404 - 4.786 ms - message: -
[2025-01-06T11:41:03.097Z] [31merror[39m: GET /api/v1/posts?ID=12345 404 - 0.543 ms - message: -
[2025-01-06T11:41:03.098Z] [31merror[39m: GET /api/v1/comments?ID=12345 404 - 0.580 ms - message: -
[2025-01-06T11:43:00.133Z] [31merror[39m: GET /api/v1/users 404 - 2.264 ms - message: -
[2025-01-06T11:43:00.134Z] [31merror[39m: GET /api/v1/posts 404 - 0.516 ms - message: -
[2025-01-06T11:43:00.137Z] [31merror[39m: GET /api/v1/comments 404 - 0.584 ms - message: -
[2025-01-06T11:43:40.220Z] [31merror[39m: GET /api/v1/users 404 - 3.686 ms - message: -
[2025-01-06T11:43:40.229Z] [31merror[39m: GET /api/v1/posts 404 - 0.598 ms - message: -
[2025-01-06T11:43:40.230Z] [31merror[39m: GET /api/v1/comments 404 - 0.679 ms - message: -
[2025-01-06T11:54:11.034Z] [31merror[39m: GET /api/v1/users 404 - 5.040 ms - message: -
[2025-01-06T11:54:11.036Z] [31merror[39m: GET /api/v1/posts 404 - 1.428 ms - message: -
[2025-01-06T11:54:11.037Z] [31merror[39m: GET /api/v1/comments 404 - 0.459 ms - message: -
[2025-01-06T11:56:24.691Z] [31merror[39m: GET /api/v1/card 404 - 8.325 ms - message: -
[2025-01-06T11:56:28.469Z] [31merror[39m: GET /api/v1/cards 404 - 1.461 ms - message: -
[2025-01-06T11:56:51.566Z] [31merror[39m: GET /api/v1/referral 404 - 1.777 ms - message: -
[2025-01-06T11:57:10.157Z] [31merror[39m: GET /api/v1/meeting 404 - 0.722 ms - message: -
[2025-01-06T11:57:21.160Z] [31merror[39m: GET /api/v1/team 404 - 0.753 ms - message: -
[2025-01-06T14:11:30.081Z] [31merror[39m: GET /api/logs 404 - 3.133 ms - message: -
[2025-01-06T14:11:46.391Z] [31merror[39m: GET /api/logs 404 - 4.018 ms - message: -
[2025-01-06T14:12:41.512Z] [31merror[39m: GET /api/v1/api/logs 404 - 4.199 ms - message: -
[2025-01-06T14:12:47.144Z] [31merror[39m: GET /logs 404 - 0.903 ms - message: -
[2025-01-06T14:12:56.104Z] [31merror[39m: GET /logs 404 - 4.920 ms - message: -
[2025-01-06T14:13:07.844Z] [31merror[39m: GET /logs 404 - 4.444 ms - message: -
[2025-01-06T14:13:08.862Z] [31merror[39m: GET /logs 404 - 1.508 ms - message: -
[2025-01-06T14:29:32.130Z] [31merror[39m: GET /logs 500 - 6.321 ms - message: -
[2025-01-06T14:30:48.908Z] [31merror[39m: GET /logs 500 - 6.476 ms - message: -
[2025-01-07T06:39:19.000Z] [31merror[39m: GET /logs 500 - 10.433 ms - message: -
[2025-01-07T06:40:30.818Z] [31merror[39m: GET /logs 500 - 6.336 ms - message: -
[2025-01-07T06:41:25.165Z] [31merror[39m: GET /logs 500 - 4.641 ms - message: -
[2025-01-07T06:46:09.536Z] [31merror[39m: GET /logs 500 - 9.702 ms - message: -
[2025-01-07T06:46:52.837Z] [31merror[39m: GET /logs 500 - 7.990 ms - message: -
[2025-01-07T06:47:00.466Z] [31merror[39m: GET /logs 500 - 5.507 ms - message: -
[2025-01-07T06:53:13.676Z] [31merror[39m: GET /logs 500 - 6.246 ms - message: -
[2025-01-07T06:56:19.829Z] [31merror[39m: GET /logs 500 - 6.589 ms - message: -
[2025-01-07T06:56:45.161Z] [31merror[39m: GET /logs 500 - 18.305 ms - message: -
[2025-01-07T07:08:24.776Z] [31merror[39m: GET /logs 500 - 5.889 ms - message: -
[2025-01-07T07:08:54.306Z] [31merror[39m: GET /logs 500 - 14.149 ms - message: -
[2025-01-07T07:09:06.698Z] [31merror[39m: GET /logs 500 - 6.367 ms - message: -
[2025-01-07T07:09:34.565Z] [31merror[39m: GET /logs 500 - 6.782 ms - message: -
[2025-01-07T07:09:58.287Z] [31merror[39m: GET /logs 500 - 5.724 ms - message: -
[2025-01-07T07:18:41.202Z] [31merror[39m: GET /logs 500 - 8.258 ms - message: -
[2025-01-07T07:19:19.496Z] [31merror[39m: GET /logs 500 - 10.410 ms - message: -
[2025-01-07T07:20:18.511Z] [31merror[39m: GET /logs 500 - 14.617 ms - message: -
[2025-01-07T07:24:43.001Z] [31merror[39m: GET /logs 500 - 11.235 ms - message: -
[2025-01-07T07:27:00.618Z] [31merror[39m: GET /logs 500 - 12.164 ms - message: -
[2025-01-07T07:35:24.032Z] [31merror[39m: GET /logs 500 - 16.234 ms - message: -
[2025-01-07T07:35:52.337Z] [31merror[39m: GET /logs 500 - 9.156 ms - message: -
[2025-01-07T07:36:39.234Z] [31merror[39m: GET /logs 500 - 11.421 ms - message: -
[2025-01-07T08:59:13.469Z] [31merror[39m: GET /api/v1/logss 404 - 5.272 ms - message: -
[2025-01-07T09:03:18.659Z] [31merror[39m: GET /api/v1/logs 500 - 5.558 ms - message: -
[2025-01-07T09:17:53.103Z] [31merror[39m: GET /api/v1/logss 404 - 4.534 ms - message: -
[2025-01-07T09:22:00.566Z] [31merror[39m: GET /api/v1/logss 404 - 2.547 ms - message: -
[2025-01-07T09:25:16.331Z] [31merror[39m: GET /api/v1/logss 404 - 2.717 ms - message: -
[2025-01-07T09:26:28.803Z] [31merror[39m: GET /api/v1/logss 404 - 4.103 ms - message: -
[2025-01-07T09:27:29.233Z] [31merror[39m: GET /api/v1/logss 404 - 4.623 ms - message: -
[2025-01-07T09:28:11.231Z] [31merror[39m: GET /api/v1/logss 404 - 5.281 ms - message: -
[2025-01-22T07:37:25.372Z] [31merror[39m: POST /api/v1/referral/withdraw 500 - 955.462 ms - message: -
[2025-01-22T07:37:34.646Z] [31merror[39m: POST /api/v1/referral/withdraw 400 - 152.673 ms - message: -
[2025-01-22T07:39:42.096Z] [31merror[39m: POST /api/v1/referral/withdraw 400 - 355.818 ms - message: -
[2025-01-22T08:01:44.297Z] [31merror[39m: POST /api/v1/referral/withdraw 400 - 80.673 ms - message: -
[2025-01-22T08:02:06.620Z] [31merror[39m: GET /api/v1/referral/withdraw/6731e31c1637d690957d8e69 404 - 40.230 ms - message: -
[2025-01-22T08:02:13.983Z] [31merror[39m: GET /api/v1/referral/withdraw/6731e31c1637d690957d8e69 404 - 47.816 ms - message: -
[2025-01-22T08:02:14.885Z] [31merror[39m: GET /api/v1/referral/withdraw/6731e31c1637d690957d8e69 404 - 50.553 ms - message: -
[2025-01-22T08:02:22.109Z] [31merror[39m: GET /api/v1/referral/withdraw/6731e31c1637d690957d8e69 404 - 27.781 ms - message: -
[2025-01-22T08:03:30.697Z] [31merror[39m: GET /api/v1/referral/withdraw/6731e31c1637d690957d8e69 404 - 67.215 ms - message: -
[2025-01-22T08:06:27.464Z] [31merror[39m: GET /api/v1/referral/withdraw/6731e31c1637d690957d8e69 404 - 50.748 ms - message: -
[2025-01-22T08:22:09.716Z] [31merror[39m: PUT /api/v1/referral/withdraw 404 - 188.936 ms - message: -
[2025-01-22T08:22:22.253Z] [31merror[39m: PUT /api/v1/referral/withdraw/6731e31c1637d690957d8e69 500 - 10.931 ms - message: -
[2025-01-22T08:22:23.551Z] [31merror[39m: PUT /api/v1/referral/withdraw/6731e31c1637d690957d8e69 500 - 2.275 ms - message: -
[2025-01-22T08:23:38.300Z] [31merror[39m: PUT /api/v1/referral/withdraw/6731e31c1637d690957d8e69 500 - 155.450 ms - message: -
[2025-01-22T08:51:59.180Z] [31merror[39m: PUT /api/v1/referral/withdraw/6731e31c1637d690957d8e69 500 - 102.176 ms - message: -
[2025-01-22T08:53:09.193Z] [31merror[39m: PUT /api/v1/referral/withdraw/6790a5bf783db155a8923d40 500 - 577.308 ms - message: -
[2025-01-22T08:55:09.756Z] [31merror[39m: PUT /api/v1/referral/withdraw/6790a5bf783db155a8923d40 500 - 1252.810 ms - message: -
[2025-01-22T09:06:58.177Z] [31merror[39m: PUT /api/v1/referral/withdraw/6790a5bf783db155a8923d40 500 - 1162.740 ms - message: -
[2025-01-22T09:38:55.598Z] [31merror[39m: PUT /api/v1/referral/withdraw/6790a5bf783db155a8923d40 500 - 2686.563 ms - message: -
[2025-01-22T09:39:21.427Z] [31merror[39m: PUT /api/v1/referral/withdraw/6790a5bf783db155a8923d40 500 - 1807.990 ms - message: -
[2025-01-22T09:39:38.057Z] [31merror[39m: PUT /api/v1/referral/withdraw/6790a5bf783db155a8923d40 500 - 596.564 ms - message: -
[2025-01-22T10:32:28.234Z] [31merror[39m: PUT /api/v1/referral/withdraw/6790a5bf783db155a8923d40 500 - 494.618 ms - message: -
[2025-01-22T12:02:45.261Z] [31merror[39m: PUT /api/v1/referral/withdraw/6790a5bf783db155a8923d40 500 - 236.179 ms - message: -
[2025-01-22T12:03:23.891Z] [31merror[39m: PUT /api/v1/referral/withdraw/6790a5bf783db155a8923d40 500 - 249.715 ms - message: -
[2025-01-22T12:30:20.435Z] [31merror[39m: PUT /api/v1/referral/withdraw/6790a5bf783db155a8923d40 500 - 291.850 ms - message: -
[2025-01-22T12:36:24.005Z] [31merror[39m: PUT /api/v1/referral/withdraw/6790a5bf783db155a8923d40 500 - 300.807 ms - message: -
[2025-01-22T12:37:32.345Z] [31merror[39m: PUT /api/v1/referral/withdraw/6790a5bf783db155a8923d40 500 - 497.338 ms - message: -
[2025-01-22T12:38:09.334Z] [31merror[39m: PUT /api/v1/referral/withdraw/6790a5bf783db155a8923d40 500 - 48.201 ms - message: -
[2025-01-22T12:39:13.941Z] [31merror[39m: PUT /api/v1/referral/withdraw/6790a5bf783db155a8923d40 500 - 589.323 ms - message: -
[2025-01-22T12:39:38.902Z] [31merror[39m: PUT /api/v1/referral/withdraw/6790a5bf783db155a8923d40 500 - 609.259 ms - message: -
[2025-01-22T13:00:31.965Z] [31merror[39m: PUT /api/v1/referral/withdraw/6790a5bf783db155a8923d40 500 - 376.026 ms - message: -
[2025-01-22T13:02:09.212Z] [31merror[39m: PUT /api/v1/referral/withdraw/6790a5bf783db155a8923d40 500 - 91.734 ms - message: -
[2025-01-22T13:03:38.850Z] [31merror[39m: PUT /api/v1/referral/withdraw/6790a5bf783db155a8923d40 500 - 320.995 ms - message: -
[2025-01-22T13:04:46.841Z] [31merror[39m: PUT /api/v1/referral/withdraw/6790a5bf783db155a8923d40 500 - 248.641 ms - message: -
[2025-01-22T13:05:58.240Z] [31merror[39m: PUT /api/v1/referral/withdraw/6790a5bf783db155a8923d40 500 - 39.356 ms - message: -
[2025-01-22T13:06:05.975Z] [31merror[39m: PUT /api/v1/referral/withdraw/6790a5bf783db155a8923d40 500 - 71.459 ms - message: -
[2025-01-22T13:06:38.711Z] [31merror[39m: PUT /api/v1/referral/withdraw/6790a5bf783db155a8923d40 400 - 429.194 ms - message: -
[2025-01-22T13:06:59.713Z] [31merror[39m: PUT /api/v1/referral/withdraw/6790a5bf783db155a8923d40 500 - 243.205 ms - message: -
[2025-01-22T13:09:00.232Z] [31merror[39m: PUT /api/v1/referral/withdraw/6790a5bf783db155a8923d40 500 - 934.842 ms - message: -
[2025-01-22T13:09:01.300Z] [31merror[39m: PUT /api/v1/referral/withdraw/6790a5bf783db155a8923d40 500 - 76.148 ms - message: -
[2025-01-22T13:18:27.544Z] [31merror[39m: PUT /api/v1/referral/withdraw/6790a5bf783db155a8923d40 500 - 549.583 ms - message: -
[2025-01-22T13:22:13.111Z] [31merror[39m: PUT /api/v1/referral/withdraw/6790a5bf783db155a8923d40 500 - 1666.070 ms - message: -
[2025-01-22T13:28:53.734Z] [31merror[39m: PUT /api/v1/referral/withdraw/6790a5bf783db155a8923d40 500 - 486.114 ms - message: -
[2025-01-22T13:30:45.866Z] [31merror[39m: PUT /api/v1/referral/withdraw/6790a5bf783db155a8923d40 500 - 264.782 ms - message: -
[2025-01-22T13:35:57.125Z] [31merror[39m: PUT /api/v1/referral/withdraw/6790a5bf783db155a8923d40 500 - 322.124 ms - message: -
[2025-01-22T13:38:47.204Z] [31merror[39m: PUT /api/v1/referral/withdraw/6790a5bf783db155a8923d40 500 - 453.973 ms - message: -
[2025-01-22T13:39:11.555Z] [31merror[39m: PUT /api/v1/referral/withdraw/6790a5bf783db155a8923d40 500 - 212.930 ms - message: -
[2025-01-22T13:41:41.682Z] [31merror[39m: PUT /api/v1/referral/withdraw/6790a5bf783db155a8923d40 500 - 2031.932 ms - message: -
[2025-01-22T13:41:43.922Z] [31merror[39m: PUT /api/v1/referral/withdraw/6790a5bf783db155a8923d40 500 - 160.320 ms - message: -
[2025-01-22T13:41:45.254Z] [31merror[39m: PUT /api/v1/referral/withdraw/6790a5bf783db155a8923d40 500 - 170.509 ms - message: -
[2025-01-22T13:54:21.305Z] [31merror[39m: PUT /api/v1/referral/withdraw/6790a5bf783db155a8923d40 500 - 917.286 ms - message: -
[2025-01-22T13:56:31.901Z] [31merror[39m: POST /api/v1/referral/withdraw 400 - 47.595 ms - message: -
[2025-01-22T13:56:49.117Z] [31merror[39m: POST /api/v1/referral/withdraw 400 - 31.088 ms - message: -
[2025-01-22T14:00:02.498Z] [31merror[39m: POST /api/v1/referral/withdraw 500 - 148.066 ms - message: -
[2025-01-22T14:00:14.620Z] [31merror[39m: POST /api/v1/referral/withdraw 400 - 275.744 ms - message: -
[2025-01-22T14:00:46.859Z] [31merror[39m: POST /api/v1/referral/withdraw 400 - 326.638 ms - message: -
[2025-01-22T14:01:24.547Z] [31merror[39m: POST /api/v1/referral/withdraw 500 - 617.060 ms - message: -
[2025-01-22T14:01:38.902Z] [31merror[39m: POST /api/v1/referral/withdraw 500 - 2095.742 ms - message: -
[2025-01-22T14:08:08.411Z] [31merror[39m: POST /api/v1/referral/withdraw 400 - 140.522 ms - message: -
<<<<<<< HEAD
[2025-01-23T10:15:51.075Z] error: POST /api/v1/individual/signup 409 - 45.776 ms - message: -
[2025-01-23T10:16:11.853Z] error: POST /api/v1/subscription/free 400 - 12.982 ms - message: -
[2025-01-23T10:16:55.959Z] error: POST /api/v1/subscription/free 400 - 27.420 ms - message: -
[2025-01-23T10:17:25.037Z] error: POST /api/v1/individual/loginwithphnnumber 400 - 3.917 ms - message: -
[2025-01-23T10:17:25.784Z] error: POST /api/v1/individual/loginwithphnnumber 400 - 1.277 ms - message: -
[2025-01-23T10:20:02.739Z] error: POST /api/v1/individual/loginwithphnnumber 400 - 1.234 ms - message: -
[2025-01-23T10:20:03.601Z] error: POST /api/v1/individual/loginwithphnnumber 400 - 1.127 ms - message: -
[2025-01-23T10:20:07.221Z] error: POST /api/v1/individual/loginwithphnnumber 400 - 1.597 ms - message: -
[2025-01-23T10:20:08.053Z] error: POST /api/v1/individual/loginwithphnnumber 400 - 1.392 ms - message: -
[2025-01-23T10:20:08.609Z] error: POST /api/v1/individual/loginwithphnnumber 400 - 1.502 ms - message: -
[2025-01-23T10:20:09.415Z] error: POST /api/v1/individual/loginwithphnnumber 400 - 1.484 ms - message: -
[2025-01-23T10:20:09.982Z] error: POST /api/v1/individual/loginwithphnnumber 400 - 0.913 ms - message: -
[2025-01-23T10:20:10.477Z] error: POST /api/v1/individual/loginwithphnnumber 400 - 1.165 ms - message: -
[2025-01-23T10:20:11.022Z] error: POST /api/v1/individual/loginwithphnnumber 400 - 1.787 ms - message: -
[2025-01-23T10:20:11.515Z] error: POST /api/v1/individual/loginwithphnnumber 400 - 3.840 ms - message: -
[2025-01-23T10:20:26.009Z] error: POST /api/v1/individual/loginwithphnnumber 400 - 1.014 ms - message: -
[2025-01-23T10:20:26.998Z] error: POST /api/v1/individual/loginwithphnnumber 400 - 0.850 ms - message: -
[2025-01-23T10:20:27.659Z] error: POST /api/v1/individual/loginwithphnnumber 400 - 1.336 ms - message: -
[2025-01-23T10:30:07.342Z] error: GET /api/v1/media/getUploadUrl?fileName=image_cropper_1737628204698-20250123-32accc07-ecfa-4f1a-abde-2e1e1583ede0.jpg&contentType=.jpg 404 - 3.531 ms - message: -
[2025-01-23T10:37:21.617Z] error: GET / 404 - 1.110 ms - message: -
[2025-01-23T10:48:44.822Z] error: POST /api/v1/individual/signup 409 - 18.253 ms - message: -
[2025-01-23T10:49:12.503Z] error: POST /api/v1/individual/loginotp 404 - 4.025 ms - message: -
[2025-01-23T10:52:48.730Z] error: GET /api/v1/meeting/get-meeting/6731e3ad3d4a18b80fbf06f4 404 - 14.434 ms - message: -
[2025-01-23T10:52:52.909Z] error: GET /api/v1/meeting/get-meeting/6731e3ad3d4a18b80fbf06f4 404 - 59.971 ms - message: -
[2025-01-23T10:53:00.249Z] error: GET /api/v1/meeting/get-meeting/6731e3ad3d4a18b80fbf06f4 404 - 9.807 ms - message: -
[2025-01-23T10:53:06.547Z] error: GET /api/v1/meeting/get-meeting/6731e3ad3d4a18b80fbf06f4 404 - 12.929 ms - message: -
[2025-01-23T10:53:12.964Z] error: GET /api/v1/meeting/get-meeting/6731e3ad3d4a18b80fbf06f4 404 - 9.629 ms - message: -
[2025-01-23T10:53:14.859Z] error: GET /api/v1/meeting/get-meeting/6731e3ad3d4a18b80fbf06f4 404 - 8.896 ms - message: -
[2025-01-23T10:53:44.745Z] error: GET /api/v1/meeting/get-meeting/6731e3ad3d4a18b80fbf06f4 404 - 31.587 ms - message: -
[2025-01-23T10:53:47.836Z] error: GET /api/v1/meeting/get-meeting/6731e3ad3d4a18b80fbf06f4 404 - 8.438 ms - message: -
[2025-01-23T10:53:56.062Z] error: GET /api/v1/meeting/get-meeting/6731e3ad3d4a18b80fbf06f4 404 - 8.978 ms - message: -
[2025-01-23T10:54:19.281Z] error: POST /api/v1/individual/loginotp 404 - 25.318 ms - message: -
[2025-01-23T10:55:15.435Z] error: POST /api/v1/individual/loginotp 404 - 4.599 ms - message: -
[2025-01-23T10:56:03.496Z] error: POST /api/v1/subscription/free 400 - 7.944 ms - message: -
[2025-01-23T11:21:16.406Z] error: GET /api/v1/meeting/get-meeting/6731e3ad3d4a18b80fbf06f4 404 - 11.875 ms - message: -
[2025-01-23T11:21:17.299Z] error: GET /api/v1/meeting/get-meeting/6731e3ad3d4a18b80fbf06f4 404 - 10.701 ms - message: -
[2025-01-23T11:21:18.053Z] error: GET /api/v1/meeting/get-meeting/6731e3ad3d4a18b80fbf06f4 404 - 34.853 ms - message: -
[2025-01-23T11:43:53.592Z] error: GET /api/v1/referral/details/67515f6f0d612aedc5ed167e 500 - 21.429 ms - message: -
[2025-01-23T11:45:55.015Z] error: GET /api/v1/enterprise/getProfile/67515f6f0d612aedc5ed167e 404 - 41.263 ms - message: -
[2025-01-23T11:45:55.028Z] error: GET /api/v1/enterprise/getProfile/67515f6f0d612aedc5ed167e 404 - 61.124 ms - message: -
[2025-01-23T11:45:55.029Z] error: GET /api/v1/card/67515f6f0d612aedc5ed167e 500 - 45.589 ms - message: -
[2025-01-23T11:45:55.105Z] error: GET /api/v1/enterpriseMeeting/get-meeting/67515f6f0d612aedc5ed167e 404 - 95.702 ms - message: -
[2025-01-23T11:46:29.706Z] error: GET /api/v1/enterprise/getProfile/67515f6f0d612aedc5ed167e 404 - 92.748 ms - message: -
[2025-01-23T11:47:26.484Z] error: POST /api/v1/subscription/free 400 - 7.237 ms - message: -
[2025-01-23T12:05:52.141Z] error: GET /api/v1/individual/getProfile/6731e3ad3d4a18b80fbf06f4 404 - 4.156 ms - message: -
[2025-01-23T12:06:05.609Z] error: GET /api/v1/individual/getProfile/6731e3ad3d4a18b80fbf06f4 404 - 2.987 ms - message: -
[2025-01-23T12:06:16.329Z] error: GET /api/v1/individual/getProfile/6731e3ad3d4a18b80fbf06f4 404 - 3.914 ms - message: -
[2025-01-23T12:06:37.561Z] error: GET /api/v1/individual/getProfile/6731e3ad3d4a18b80fbf06f4 404 - 5.631 ms - message: -
[2025-01-23T12:06:37.596Z] error: GET /api/v1/card/6731e3ad3d4a18b80fbf06f4 500 - 31.470 ms - message: -
[2025-01-23T12:06:37.601Z] error: GET /api/v1/meeting/get-meeting/6731e3ad3d4a18b80fbf06f4 404 - 35.396 ms - message: -
[2025-01-23T12:06:43.035Z] error: GET /api/v1/individual/getProfile/6731e3ad3d4a18b80fbf06f4 404 - 3.892 ms - message: -
[2025-01-23T12:09:27.647Z] error: POST /api/v1/subscription/free 400 - 4.932 ms - message: -
[2025-01-23T12:17:19.050Z] error: GET /api/v1/card/ 404 - 1.643 ms - message: -
[2025-01-23T12:17:29.078Z] error: GET /api/v1/card/ 404 - 0.873 ms - message: -
[2025-01-23T12:17:44.307Z] error: GET /api/v1/card/ 404 - 0.814 ms - message: -
[2025-01-23T12:22:08.376Z] error: GET /api/v1/card/ 404 - 1.791 ms - message: -
[2025-01-23T12:22:09.876Z] error: GET /api/v1/card/ 404 - 0.899 ms - message: -
[2025-01-23T12:22:28.077Z] error: GET /api/v1/card/ 404 - 2.274 ms - message: -
[2025-01-23T12:49:59.470Z] error: POST /api/v1/referral/withdraw 500 - 27.045 ms - message: -
[2025-01-23T12:50:03.268Z] error: POST /api/v1/referral/withdraw 500 - 23.106 ms - message: -
[2025-01-23T12:56:07.763Z] error: POST /api/v1/referral/withdraw 500 - 25.669 ms - message: -
[2025-01-23T12:56:08.783Z] error: POST /api/v1/referral/withdraw 500 - 49.761 ms - message: -
[2025-01-23T12:56:09.133Z] error: POST /api/v1/referral/withdraw 500 - 78.560 ms - message: -
[2025-01-23T12:56:09.231Z] error: POST /api/v1/referral/withdraw 500 - 11.313 ms - message: -
[2025-01-23T12:58:33.843Z] error: POST /api/v1/referral/withdraw 500 - 17.751 ms - message: -
[2025-01-23T12:58:36.659Z] error: POST /api/v1/referral/withdraw 500 - 13.987 ms - message: -
[2025-01-23T12:58:39.709Z] error: POST /api/v1/referral/withdraw 500 - 21.563 ms - message: -
[2025-01-23T12:58:39.917Z] error: POST /api/v1/referral/withdraw 500 - 17.064 ms - message: -
[2025-01-23T12:58:40.035Z] error: POST /api/v1/referral/withdraw 500 - 14.968 ms - message: -
[2025-01-23T12:58:40.258Z] error: POST /api/v1/referral/withdraw 500 - 11.447 ms - message: -
[2025-01-23T12:58:40.439Z] error: POST /api/v1/referral/withdraw 500 - 19.853 ms - message: -
[2025-01-23T12:58:51.681Z] error: POST /api/v1/referral/withdraw 500 - 11.063 ms - message: -
[2025-01-23T12:58:51.851Z] error: POST /api/v1/referral/withdraw 500 - 25.265 ms - message: -
[2025-01-23T12:58:52.310Z] error: POST /api/v1/referral/withdraw 500 - 77.906 ms - message: -
[2025-01-23T12:58:52.383Z] error: POST /api/v1/referral/withdraw 500 - 15.394 ms - message: -
[2025-01-23T12:58:52.560Z] error: POST /api/v1/referral/withdraw 500 - 35.649 ms - message: -
[2025-01-23T12:58:54.224Z] error: POST /api/v1/referral/withdraw 500 - 16.897 ms - message: -
[2025-01-23T12:58:54.390Z] error: POST /api/v1/referral/withdraw 500 - 15.135 ms - message: -
[2025-01-23T12:58:54.523Z] error: POST /api/v1/referral/withdraw 500 - 10.245 ms - message: -
[2025-01-23T12:58:54.756Z] error: POST /api/v1/referral/withdraw 500 - 46.694 ms - message: -
[2025-01-23T12:58:54.850Z] error: POST /api/v1/referral/withdraw 500 - 17.241 ms - message: -
[2025-01-23T12:58:55.020Z] error: POST /api/v1/referral/withdraw 500 - 16.341 ms - message: -
[2025-01-23T12:58:55.174Z] error: POST /api/v1/referral/withdraw 500 - 27.798 ms - message: -
[2025-01-23T12:58:55.280Z] error: POST /api/v1/referral/withdraw 500 - 9.036 ms - message: -
[2025-01-23T12:58:55.584Z] error: POST /api/v1/referral/withdraw 500 - 11.496 ms - message: -
[2025-01-23T12:58:55.794Z] error: POST /api/v1/referral/withdraw 500 - 73.358 ms - message: -
[2025-01-23T12:58:55.895Z] error: POST /api/v1/referral/withdraw 500 - 24.604 ms - message: -
[2025-01-23T13:02:35.771Z] error: POST /api/v1/referral/withdraw 500 - 49.811 ms - message: -
[2025-01-23T13:17:23.981Z] error: POST /api/v1/enterprise/sendotp 409 - 20.403 ms - message: -
[2025-01-23T13:17:24.008Z] error: POST /api/v1/enterprise/sendotp 409 - 20.130 ms - message: -
[2025-01-23T13:17:31.981Z] error: POST /api/v1/enterprise/loginotp 404 - 13.954 ms - message: -
[2025-01-23T13:18:01.212Z] error: POST /api/v1/enterprise/sendotp 409 - 12.517 ms - message: -
[2025-01-23T13:18:27.807Z] error: POST /api/v1/enterprise/sendotp 409 - 17.889 ms - message: -
[2025-01-23T13:21:31.444Z] error: POST /api/v1/individual/loginwithphnnumber 400 - 21.854 ms - message: -
[2025-01-23T13:34:19.095Z] error: GET / 404 - 2.411 ms - message: -
[2025-01-23T13:35:22.424Z] error: POST /api/v1/enterprise/loginotp 404 - 12.200 ms - message: -
[2025-01-23T13:36:36.154Z] error: POST /api/v1/subscription/free 400 - 12.778 ms - message: -
[2025-01-23T14:11:20.317Z] error: POST /api/v1/enterprise/sendotp 500 - 410.813 ms - message: -
[2025-01-23T14:11:43.087Z] error: POST /api/v1/enterprise/sendotp 500 - 888.611 ms - message: -
[2025-01-23T14:12:17.672Z] error: POST /api/v1/enterprise/sendotp 500 - 392.138 ms - message: -
[2025-01-23T16:30:09.035Z] error: POST /api/v1/individual/loginotp 404 - 9.734 ms - message: -
[2025-01-23T16:30:09.310Z] error: POST /api/v1/individual/loginotp 404 - 3.377 ms - message: -
[2025-01-23T16:30:15.722Z] error: POST /api/v1/individual/loginotp 404 - 3.543 ms - message: -
[2025-01-23T16:30:32.372Z] error: GET /api/v1/individual/getProfile/676da13a0dbc18341f8e6011 404 - 11.391 ms - message: -
[2025-01-23T16:30:32.378Z] error: GET /api/v1/meeting/get-meeting/676da13a0dbc18341f8e6011 404 - 16.360 ms - message: -
[2025-01-23T16:30:34.520Z] error: GET /api/v1/card/676da13a0dbc18341f8e6011 500 - 7.471 ms - message: -
[2025-01-23T16:35:57.221Z] error: POST /api/v1/subscription/free 400 - 26.590 ms - message: -
[2025-01-23T17:05:00.894Z] error: GET /api/v1/card/ 404 - 1.498 ms - message: -
[2025-01-23T17:05:03.507Z] error: GET /api/v1/card/ 404 - 0.827 ms - message: -
[2025-01-23T17:05:15.069Z] error: GET /api/v1/card/ 404 - 0.719 ms - message: -
[2025-01-23T17:05:17.482Z] error: GET /api/v1/card/ 404 - 1.367 ms - message: -
[2025-01-23T17:15:21.950Z] error: GET /api/v1/media/getUploadUrl?fileName=image_cropper_1737652517938-20250123-fc7628eb-36b5-4b1e-b2a0-6b2a5b57b3bf.jpg&contentType=.jpg 404 - 1.132 ms - message: -
[2025-01-23T19:13:40.945Z] error: GET http://apiv4.9hits.com/test 404 - 2.066 ms - message: -
[2025-01-23T21:54:29.426Z] error: GET / 404 - 1.544 ms - message: -
[2025-01-23T21:54:29.704Z] error: GET /favicon.ico 404 - 1.074 ms - message: -
[2025-01-24T02:43:07.403Z] error: GET / 404 - 1.399 ms - message: -
[2025-01-24T03:56:57.935Z] error: POST /api/v1/individual/loginotp 404 - 3.727 ms - message: -
[2025-01-24T03:57:17.022Z] error: POST /api/v1/individual/loginotp 404 - 6.024 ms - message: -
[2025-01-24T03:57:33.740Z] error: POST /api/v1/individual/loginotp 404 - 23.106 ms - message: -
[2025-01-24T03:57:48.724Z] error: POST /api/v1/individual/loginotp 404 - 10.412 ms - message: -
[2025-01-24T03:58:01.853Z] error: POST /api/v1/individual/loginotp 404 - 11.188 ms - message: -
[2025-01-24T03:58:07.844Z] error: POST /api/v1/individual/loginotp 404 - 36.675 ms - message: -
[2025-01-24T03:58:31.921Z] error: POST /api/v1/individual/loginotp 404 - 4.897 ms - message: -
[2025-01-24T04:01:42.821Z] error: POST /api/v1/individual/loginotp 404 - 9.137 ms - message: -
[2025-01-24T04:02:16.287Z] error: POST /api/v1/individual/sendotp 409 - 10.442 ms - message: -
[2025-01-24T05:12:51.448Z] error: POST /api/v1/enterprise/sendotp 500 - 1000.638 ms - message: -
[2025-01-24T05:19:15.196Z] error: POST /api/v1/individual/loginwithphnnumber 400 - 6.646 ms - message: -
[2025-01-24T05:19:18.625Z] error: POST /api/v1/individual/loginwithphnnumber 400 - 10.116 ms - message: -
[2025-01-24T05:19:36.996Z] error: POST /api/v1/enterprise/sendotp 409 - 22.647 ms - message: -
[2025-01-24T05:22:30.331Z] error: GET /api/v1/individual/getProfile/67513f6e1e263839a3b0df87 404 - 17.842 ms - message: -
[2025-01-24T05:22:30.371Z] error: GET /api/v1/card/67513f6e1e263839a3b0df87 500 - 65.322 ms - message: -
[2025-01-24T05:22:30.381Z] error: GET /api/v1/meeting/get-meeting/67513f6e1e263839a3b0df87 404 - 72.405 ms - message: -
[2025-01-24T05:22:41.017Z] error: GET /api/v1/individual/getProfile/67513f6e1e263839a3b0df87 404 - 2.758 ms - message: -
[2025-01-24T05:23:51.252Z] error: POST /api/v1/individual/loginotp 404 - 4.054 ms - message: -
[2025-01-24T05:24:56.357Z] error: POST /api/v1/subscription/free 400 - 13.172 ms - message: -
[2025-01-24T05:51:18.079Z] error: GET / 404 - 1.860 ms - message: -
[2025-01-24T05:51:41.949Z] error: POST /api/v1/enterprise/signup 500 - 42.068 ms - message: -
[2025-01-24T05:51:48.069Z] error: POST /api/v1/enterprise/signup 500 - 18.559 ms - message: -
[2025-01-24T06:30:21.147Z] error: POST /api/v1/enterprise/signup 500 - 27.154 ms - message: -
[2025-01-24T06:33:31.869Z] error: POST /api/v1/enterprise/signup 500 - 132.950 ms - message: -
[2025-01-24T06:46:17.493Z] error: POST /api/v1/subscription/free 400 - 7.680 ms - message: -
[2025-01-24T06:47:15.641Z] error: GET /api/v1/media/getUploadUrl?fileName=image_cropper_1737701230536-20250124-86f91d6f-6975-4496-9114-1a85373d0456.jpg&contentType=.jpg 404 - 0.879 ms - message: -
[2025-01-24T07:08:06.337Z] error: GET /api/v1/individual/getProfile/677f64ba63aa6ee70901ed93 404 - 72.383 ms - message: -
[2025-01-24T07:08:06.339Z] error: GET /api/v1/card/677f64ba63aa6ee70901ed93 500 - 73.088 ms - message: -
[2025-01-24T07:08:06.398Z] error: GET /api/v1/meeting/get-meeting/677f64ba63aa6ee70901ed93 404 - 122.892 ms - message: -
[2025-01-24T07:08:14.390Z] error: GET /api/v1/individual/getProfile/677f64ba63aa6ee70901ed93 404 - 3.225 ms - message: -
[2025-01-24T07:08:19.406Z] error: GET /api/v1/individual/getProfile/677f64ba63aa6ee70901ed93 404 - 3.285 ms - message: -
[2025-01-24T07:09:03.493Z] error: POST /api/v1/individual/loginotp 404 - 5.851 ms - message: -
[2025-01-24T07:09:56.039Z] error: POST /api/v1/subscription/free 400 - 44.167 ms - message: -
[2025-01-24T07:10:44.639Z] error: POST /api/v1/message/sendMessage 404 - 12.484 ms - message: -
[2025-01-24T07:10:45.471Z] error: POST /api/v1/message/sendMessage 404 - 15.122 ms - message: -
[2025-01-24T07:11:00.173Z] error: GET /api/v1/card/ 404 - 1.976 ms - message: -
[2025-01-24T07:11:01.666Z] error: GET /api/v1/card/ 404 - 1.569 ms - message: -
[2025-01-24T07:11:07.593Z] error: GET /api/v1/card/ 404 - 0.763 ms - message: -
[2025-01-24T07:11:14.802Z] error: GET /api/v1/card/ 404 - 0.650 ms - message: -
[2025-01-24T07:11:16.080Z] error: GET /api/v1/card/ 404 - 1.821 ms - message: -
[2025-01-24T07:32:08.950Z] error: POST /api/v1/individual/loginotp 404 - 17.756 ms - message: -
[2025-01-24T07:32:31.075Z] error: POST /api/v1/individual/loginotp 404 - 8.752 ms - message: -
[2025-01-24T07:54:39.536Z] error: GET /api/v1/enterprise/getProfile/67934238190a84227a1b8f95 404 - 30.304 ms - message: -
[2025-01-24T07:54:39.549Z] error: GET /api/v1/enterprise/getProfile/67934238190a84227a1b8f95 404 - 13.563 ms - message: -
[2025-01-24T07:55:11.607Z] error: GET /api/v1/enterprise/getProfile/67934238190a84227a1b8f95 404 - 7.295 ms - message: -
[2025-01-24T07:55:11.652Z] error: GET /api/v1/enterprise/getProfile/67934238190a84227a1b8f95 404 - 24.352 ms - message: -
[2025-01-24T07:55:20.141Z] error: GET /api/v1/enterprise/getProfile/67934238190a84227a1b8f95 404 - 5.368 ms - message: -
[2025-01-24T09:07:54.508Z] error: POST /api/v1/referral/invite 500 - 4.078 ms - message: -
[2025-01-24T09:07:56.050Z] error: POST /api/v1/referral/invite 500 - 3.427 ms - message: -
[2025-01-24T09:08:11.406Z] error: POST /api/v1/referral/invite 500 - 2.518 ms - message: -
[2025-01-24T09:09:40.993Z] error: POST /api/v1/referral/invite 500 - 4.377 ms - message: -
[2025-01-24T09:13:31.000Z] error: POST /api/v1/referral/invite 500 - 7.412 ms - message: -
[2025-01-24T09:34:19.354Z] error: POST /api/v1/enterprise/loginotp 404 - 5.332 ms - message: -
[2025-01-24T09:34:33.912Z] error: POST /api/v1/enterprise/loginotp 404 - 9.333 ms - message: -
[2025-01-24T09:35:31.292Z] error: GET /favicon.ico 404 - 1.840 ms - message: -
[2025-01-24T09:41:57.280Z] error: POST /api/v1/meeting/Create-Meeting 400 - 1.480 ms - message: -
[2025-01-24T09:42:02.279Z] error: POST /api/v1/meeting/Create-Meeting 400 - 6.171 ms - message: -
[2025-01-24T09:42:15.419Z] error: POST /api/v1/meeting/Create-Meeting 400 - 1.035 ms - message: -
[2025-01-24T09:43:38.427Z] error: POST /api/v1/meeting/Create-Meeting 400 - 4.195 ms - message: -
[2025-01-24T09:43:47.561Z] error: POST /api/v1/meeting/Create-Meeting 400 - 1.131 ms - message: -
[2025-01-24T10:06:32.345Z] error: POST /api/v1/enterprise/loginotp 404 - 9.701 ms - message: -
[2025-01-24T10:07:34.889Z] error: POST /api/v1/enterprise/signup 500 - 424.385 ms - message: -
[2025-01-24T10:31:41.954Z] error: DELETE /api/v1/individualContact/67934ac9ca29057ab97cafc9 404 - 2.802 ms - message: -
[2025-01-24T11:42:18.208Z] error: GET /api/v1/media/getUploadUrl?fileName=image_cropper_1737718932959-20250124-e1201b5c-2945-4be0-9793-df228e78a5ce.jpg&contentType=.jpg 404 - 1.722 ms - message: -
[2025-01-24T12:25:26.740Z] error: GET /api/v1/media/getUploadUrl?fileName=image_cropper_1737721519286-20250124-0835f41c-d7db-4326-b12a-73ccb1b580e6.jpg&contentType=.jpg 404 - 1.739 ms - message: -
[2025-01-24T12:25:48.344Z] error: GET /api/v1/media/getUploadUrl?fileName=image_cropper_1737721540422-20250124-fdf9fa28-678a-49f2-a94e-88a3f3d50488.jpg&contentType=.jpg 404 - 0.705 ms - message: -
[2025-01-24T12:28:49.351Z] error: GET /api/v1/card/ 404 - 1.574 ms - message: -
[2025-01-24T12:28:59.630Z] error: GET /api/v1/card/ 404 - 1.035 ms - message: -
[2025-01-24T12:29:06.904Z] error: GET /api/v1/card/ 404 - 0.688 ms - message: -
[2025-01-24T12:29:14.710Z] error: GET /api/v1/card/ 404 - 0.897 ms - message: -
[2025-01-24T12:29:15.946Z] error: GET /api/v1/card/ 404 - 1.062 ms - message: -
[2025-01-24T12:54:09.635Z] error: PATCH /api/v1/notification/markAllAsRead/67933cc36367a0f455dca6c7 404 - 23.066 ms - message: -
[2025-01-24T13:22:33.537Z] error: GET / 404 - 4.506 ms - message: -
[2025-01-24T16:17:38.738Z] error: GET / 404 - 2.340 ms - message: -
[2025-01-24T16:17:38.819Z] error: GET / 404 - 0.937 ms - message: -
[2025-01-24T20:02:37.530Z] error: GET / 404 - 1.713 ms - message: -
[2025-01-24T21:17:22.107Z] error: GET / 404 - 0.717 ms - message: -
[2025-01-24T21:23:08.577Z] error: GET /favicon.ico 404 - 1.684 ms - message: -
[2025-01-25T00:50:56.948Z] error: GET / 404 - 3.131 ms - message: -
[2025-01-25T00:51:10.087Z] error: GET / 404 - 0.728 ms - message: -
[2025-01-25T00:51:10.605Z] error: GET /favicon.ico 404 - 0.854 ms - message: -
[2025-01-25T00:51:11.123Z] error: GET /robots.txt 404 - 0.541 ms - message: -
[2025-01-25T00:51:11.130Z] error: GET /sitemap.xml 404 - 0.678 ms - message: -
[2025-01-25T00:54:48.873Z] error: GET / 404 - 0.841 ms - message: -
[2025-01-25T01:54:55.129Z] error: GET / 404 - 1.022 ms - message: -
[2025-01-25T02:34:07.914Z] error: GET / 404 - 0.987 ms - message: -
[2025-01-25T02:36:13.482Z] error: GET / 404 - 1.399 ms - message: -
[2025-01-25T02:36:13.906Z] error: GET / 404 - 0.636 ms - message: -
[2025-01-25T02:36:13.909Z] error: POST /sdk 404 - 0.563 ms - message: -
[2025-01-25T02:36:13.909Z] error: GET /nmaplowercheck1737772573 404 - 0.478 ms - message: -
[2025-01-25T02:36:14.378Z] error: GET /evox/about 404 - 0.632 ms - message: -
[2025-01-25T02:36:14.390Z] error: GET /HNAP1 404 - 0.761 ms - message: -
[2025-01-25T02:36:14.810Z] error: GET / 404 - 0.580 ms - message: -
[2025-01-25T02:36:15.227Z] error: GET / 404 - 0.602 ms - message: -
[2025-01-25T02:38:53.686Z] error: GET / 404 - 0.821 ms - message: -
[2025-01-25T08:08:32.698Z] error: POST /api/v1/individual/loginotp 404 - 196.660 ms - message: -
[2025-01-25T08:08:37.887Z] error: POST /api/v1/individual/loginotp 404 - 40.098 ms - message: -
[2025-01-25T08:08:43.347Z] error: POST /api/v1/individual/loginotp 404 - 232.726 ms - message: -
[2025-01-25T08:22:40.641Z] error: GET / 404 - 0.845 ms - message: -
[2025-01-25T09:12:09.997Z] error: GET / 404 - 0.705 ms - message: -
[2025-01-25T12:00:46.908Z] error: PATCH /api/v1/notification/markAllAsRead/67932428d0e7d110bc5d9d82 404 - 5.592 ms - message: -
[2025-01-25T12:57:04.668Z] error: GET / 404 - 0.858 ms - message: -
[2025-01-25T12:57:05.090Z] error: POST /sdk 404 - 0.584 ms - message: -
[2025-01-25T12:57:05.091Z] error: GET /nmaplowercheck1737809824 404 - 0.359 ms - message: -
[2025-01-25T12:57:05.092Z] error: GET / 404 - 0.498 ms - message: -
[2025-01-25T12:57:05.510Z] error: GET /HNAP1 404 - 0.614 ms - message: -
[2025-01-25T12:57:05.569Z] error: GET /evox/about 404 - 6.440 ms - message: -
[2025-01-25T12:57:05.988Z] error: GET / 404 - 0.593 ms - message: -
[2025-01-25T12:57:06.402Z] error: GET / 404 - 0.523 ms - message: -
[2025-01-25T13:46:09.886Z] error: GET / 404 - 0.558 ms - message: -
[2025-01-25T14:07:47.797Z] error: GET /api/v1/meeting/get-meeting/6731e3ad3d4a18b80fbf06f4 404 - 97.966 ms - message: -
[2025-01-25T14:07:52.310Z] error: GET /api/v1/meeting/get-meeting/6731e3ad3d4a18b80fbf06f4 404 - 5.771 ms - message: -
[2025-01-25T16:49:42.979Z] error: GET /api/v1/media/getUploadUrl?fileName=image_cropper_1737823770898-20250125-3ee1023d-cebb-4706-835c-06ac28c9eaf3.jpg&contentType=.jpg 404 - 0.826 ms - message: -
[2025-01-25T16:50:06.845Z] error: GET /api/v1/media/getUploadUrl?fileName=image_cropper_1737823802243-20250125-96237f3a-d429-4418-a5c3-d5744e04f07a.jpg&contentType=.jpg 404 - 1.335 ms - message: -
[2025-01-25T17:18:08.850Z] error: GET /api/v1/card/67926fecd0e7d110bc5d982a 500 - 4.447 ms - message: -
[2025-01-25T17:18:14.397Z] error: GET /api/v1/card/67926fecd0e7d110bc5d982a 500 - 7.675 ms - message: -
[2025-01-25T17:18:15.950Z] error: GET /api/v1/card/67926fecd0e7d110bc5d982a 500 - 30.528 ms - message: -
[2025-01-25T17:18:37.975Z] error: POST /api/v1/message/sendMessage 404 - 17.828 ms - message: -
[2025-01-25T17:18:44.339Z] error: POST /api/v1/message/sendMessage 404 - 20.288 ms - message: -
[2025-01-25T17:35:12.315Z] error: PATCH /api/v1/meeting/update-meeting-status 404 - 5.798 ms - message: -
[2025-01-25T18:08:51.784Z] error: GET /api/v1/card/ 404 - 0.984 ms - message: -
[2025-01-25T18:10:35.347Z] error: GET /api/v1/media/getUploadUrl?fileName=image_cropper_1737828630030-20250125-60c3511e-dea2-4101-983b-e711abee212f.jpg&contentType=.jpg 404 - 0.562 ms - message: -
[2025-01-25T18:15:10.074Z] error: GET /api/v1/media/getUploadUrl?fileName=image_cropper_1737828908434-20250125-b675efc1-07ae-4301-91f7-a43785e89c48.jpg&contentType=.jpg 404 - 0.909 ms - message: -
[2025-01-25T18:15:49.309Z] error: GET /api/v1/card/ 404 - 0.653 ms - message: -
[2025-01-25T18:15:52.757Z] error: GET /api/v1/media/getUploadUrl?fileName=image_cropper_1737828949836-20250125-a6a90092-9658-4edb-bfbc-785328a403d9.jpg&contentType=.jpg 404 - 0.550 ms - message: -
[2025-01-25T18:17:12.096Z] error: GET /api/v1/media/getUploadUrl?fileName=image_cropper_1737829026335-20250125-d71252b3-246a-4a51-a206-77519eff4a0a.jpg&contentType=.jpg 404 - 0.536 ms - message: -
[2025-01-25T18:21:12.754Z] error: GET /api/v1/media/getUploadUrl?fileName=image_cropper_1737829270263-20250125-54885a3a-e567-4e08-87e9-a30d7f01ec4c.jpg&contentType=.jpg 404 - 0.782 ms - message: -
[2025-01-25T18:23:17.108Z] error: GET /api/v1/media/getUploadUrl?fileName=image_cropper_1737829379960-20250125-7b135bee-5711-47a6-b187-ed646356f9f8.jpg&contentType=.jpg 404 - 0.648 ms - message: -
[2025-01-25T18:41:36.940Z] error: GET /api/v1/card/ 404 - 0.671 ms - message: -
[2025-01-25T18:41:38.542Z] error: GET /api/v1/card/ 404 - 0.802 ms - message: -
[2025-01-25T18:58:02.103Z] error: GET /api/v1/card/ 404 - 1.109 ms - message: -
[2025-01-25T19:09:22.940Z] error: GET /api/v1/card/ 404 - 0.602 ms - message: -
[2025-01-25T19:25:50.157Z] error: POST /api/v1/message/sendMessage 404 - 10.958 ms - message: -
[2025-01-25T19:25:51.902Z] error: POST /api/v1/message/sendMessage 404 - 28.028 ms - message: -
[2025-01-25T19:25:53.766Z] error: POST /api/v1/message/sendMessage 404 - 12.918 ms - message: -
[2025-01-25T19:45:07.895Z] error: POST /api/v1/enterprise/loginotp 404 - 15.404 ms - message: -
[2025-01-26T04:57:23.409Z] error: GET /api/v1/message?userId=null 500 - 3.015 ms - message: -
[2025-01-26T04:57:44.642Z] error: GET /api/v1/message?userId=null 500 - 1.633 ms - message: -
[2025-01-26T04:57:48.308Z] error: GET /api/v1/individualContact/user/null 500 - 3.222 ms - message: -
[2025-01-26T05:01:23.627Z] error: POST /api/v1/message/sendMessage 500 - 40.269 ms - message: -
[2025-01-26T05:01:24.127Z] error: POST /api/v1/message/sendMessage 500 - 22.416 ms - message: -
[2025-01-26T05:01:24.254Z] error: POST /api/v1/message/sendMessage 500 - 14.235 ms - message: -
[2025-01-26T05:01:24.441Z] error: POST /api/v1/message/sendMessage 500 - 11.737 ms - message: -
[2025-01-26T05:05:23.000Z] error: GET /api/v1/card/ 404 - 1.645 ms - message: -
[2025-01-26T07:22:12.695Z] error: GET /api/v1/card/ 404 - 1.050 ms - message: -
[2025-01-26T07:22:13.769Z] error: GET /api/v1/card/ 404 - 0.654 ms - message: -
[2025-01-26T12:52:53.432Z] error: POST /api/v1/individual/loginotp 404 - 20.029 ms - message: -
[2025-01-26T13:32:43.238Z] error: GET / 404 - 0.951 ms - message: -
[2025-01-26T13:45:09.484Z] error: GET / 404 - 0.536 ms - message: -
[2025-01-26T14:37:18.524Z] error: GET / 404 - 0.670 ms - message: -
[2025-01-26T14:37:19.059Z] error: GET /favicon.ico 404 - 0.683 ms - message: -
[2025-01-26T16:11:34.228Z] error: GET / 404 - 1.552 ms - message: -
[2025-01-27T03:33:14.929Z] error: GET /api/v1/enterprise/getProfile/679245e3d0e7d110bc5d972d 404 - 149.521 ms - message: -
[2025-01-27T03:33:14.985Z] error: GET /api/v1/enterpriseMeeting/get-meeting/679245e3d0e7d110bc5d972d 404 - 200.566 ms - message: -
[2025-01-27T03:33:15.010Z] error: GET /api/v1/enterprise/getProfile/679245e3d0e7d110bc5d972d 404 - 229.231 ms - message: -
[2025-01-27T03:33:15.015Z] error: GET /api/v1/card/679245e3d0e7d110bc5d972d 500 - 233.788 ms - message: -
[2025-01-27T03:33:40.185Z] error: GET /api/v1/enterprise/getProfile/679245e3d0e7d110bc5d972d 404 - 10.865 ms - message: -
[2025-01-27T03:33:40.191Z] error: GET /api/v1/enterprise/getProfile/679245e3d0e7d110bc5d972d 404 - 8.221 ms - message: -
[2025-01-27T03:33:40.231Z] error: GET /api/v1/enterpriseMeeting/get-meeting/679245e3d0e7d110bc5d972d 404 - 18.494 ms - message: -
[2025-01-27T03:33:40.248Z] error: GET /api/v1/card/679245e3d0e7d110bc5d972d 500 - 73.873 ms - message: -
[2025-01-27T03:37:31.311Z] error: GET /api/v1/card/679245e3d0e7d110bc5d972d 500 - 88.574 ms - message: -
[2025-01-27T03:37:32.144Z] error: GET /api/v1/enterprise/getProfile/679245e3d0e7d110bc5d972d 404 - 5.267 ms - message: -
[2025-01-27T03:37:32.164Z] error: GET /api/v1/card/679245e3d0e7d110bc5d972d 500 - 9.842 ms - message: -
[2025-01-27T03:37:32.167Z] error: GET /api/v1/enterprise/getProfile/679245e3d0e7d110bc5d972d 404 - 9.683 ms - message: -
[2025-01-27T03:37:32.173Z] error: GET /api/v1/enterpriseMeeting/get-meeting/679245e3d0e7d110bc5d972d 404 - 18.975 ms - message: -
[2025-01-27T03:37:37.459Z] error: GET /api/v1/enterprise/getProfile/679245e3d0e7d110bc5d972d 404 - 4.101 ms - message: -
[2025-01-27T03:37:49.651Z] error: POST /api/v1/individual/loginotp 404 - 3.677 ms - message: -
[2025-01-27T03:40:08.276Z] error: GET /api/v1/media/getUploadUrl?fileName=image_cropper_1737949194892-20250127-f460632a-3b00-4ff6-823b-ad17c0faa94b.jpg&contentType=.jpg 404 - 0.903 ms - message: -
[2025-01-27T03:45:40.917Z] error: GET /api/v1/enterprise/getProfile/6796ffef0524d8232fe5f81a 404 - 4.591 ms - message: -
[2025-01-27T03:45:40.930Z] error: GET /api/v1/enterprise/getProfile/6796ffef0524d8232fe5f81a 404 - 9.780 ms - message: -
[2025-01-27T03:46:08.103Z] error: GET /api/v1/enterprise/getProfile/6796ffef0524d8232fe5f81a 404 - 4.582 ms - message: -
[2025-01-27T03:46:08.110Z] error: GET /api/v1/enterprise/getProfile/6796ffef0524d8232fe5f81a 404 - 5.830 ms - message: -
[2025-01-27T03:46:13.056Z] error: GET /api/v1/enterprise/getProfile/6796ffef0524d8232fe5f81a 404 - 3.740 ms - message: -
[2025-01-27T04:24:57.400Z] error: GET /api/v1/meeting/get-meeting/6731e3ad3d4a18b80fbf06f4 404 - 10.321 ms - message: -
[2025-01-27T04:25:00.986Z] error: GET /api/v1/meeting/get-meeting/6731e3ad3d4a18b80fbf06f4 404 - 11.749 ms - message: -
[2025-01-27T04:25:01.979Z] error: GET /api/v1/meeting/get-meeting/6731e3ad3d4a18b80fbf06f4 404 - 11.634 ms - message: -
[2025-01-27T04:28:36.006Z] error: GET /api/v1/meeting/get-meeting/6731e3ad3d4a18b80fbf06f4 404 - 14.493 ms - message: -
[2025-01-27T04:28:37.035Z] error: GET /api/v1/meeting/get-meeting/6731e3ad3d4a18b80fbf06f4 404 - 16.186 ms - message: -
[2025-01-27T04:29:06.189Z] error: GET /api/v1/meeting/get-meeting/6731e3ad3d4a18b80fbf06f4 404 - 28.793 ms - message: -
[2025-01-27T04:29:06.930Z] error: GET /api/v1/meeting/get-meeting/6731e3ad3d4a18b80fbf06f4 404 - 17.282 ms - message: -
[2025-01-27T04:29:07.492Z] error: GET /api/v1/meeting/get-meeting/6731e3ad3d4a18b80fbf06f4 404 - 11.331 ms - message: -
[2025-01-27T04:32:53.296Z] error: GET /api/v1/meeting/get-meeting/6731e3ad3d4a18b80fbf06f4 404 - 10.956 ms - message: -
[2025-01-27T04:32:55.600Z] error: GET /api/v1/meeting/get-meeting/6731e3ad3d4a18b80fbf06f4 404 - 12.876 ms - message: -
[2025-01-27T04:32:57.100Z] error: GET /api/v1/meeting/get-meeting/6731e3ad3d4a18b80fbf06f4 404 - 9.015 ms - message: -
[2025-01-27T04:32:58.371Z] error: GET /api/v1/meeting/get-meeting/6731e3ad3d4a18b80fbf06f4 404 - 11.209 ms - message: -
[2025-01-27T04:35:29.446Z] error: GET /api/v1/meeting/get-meeting/6731e3ad3d4a18b80fbf06f4 404 - 41.346 ms - message: -
[2025-01-27T04:35:30.339Z] error: GET /api/v1/meeting/get-meeting/6731e3ad3d4a18b80fbf06f4 404 - 13.488 ms - message: -
[2025-01-27T04:35:31.077Z] error: GET /api/v1/meeting/get-meeting/6731e3ad3d4a18b80fbf06f4 404 - 20.931 ms - message: -
[2025-01-27T04:35:32.417Z] error: GET /api/v1/meeting/get-meeting/6731e3ad3d4a18b80fbf06f4 404 - 144.369 ms - message: -
[2025-01-27T04:35:33.214Z] error: GET /api/v1/meeting/get-meeting/6731e3ad3d4a18b80fbf06f4 404 - 14.531 ms - message: -
[2025-01-27T04:35:36.635Z] error: GET /api/v1/meeting/get-meeting/6731e3ad3d4a18b80fbf06f4 404 - 11.645 ms - message: -
[2025-01-27T04:35:37.450Z] error: GET /api/v1/meeting/get-meeting/6731e3ad3d4a18b80fbf06f4 404 - 11.072 ms - message: -
[2025-01-27T04:35:39.307Z] error: GET /api/v1/meeting/get-meeting/6731e3ad3d4a18b80fbf06f4 404 - 10.338 ms - message: -
[2025-01-27T04:35:50.374Z] error: GET /api/v1/meeting/get-meeting/6731e3ad3d4a18b80fbf06f4 404 - 14.282 ms - message: -
[2025-01-27T05:18:01.571Z] error: GET /api/v1/card/678ba6ae013639321c989802 500 - 10.711 ms - message: -
[2025-01-27T05:18:01.572Z] error: GET /api/v1/individual/getProfile/678ba6ae013639321c989802 404 - 6.846 ms - message: -
[2025-01-27T05:18:01.610Z] error: GET /api/v1/meeting/get-meeting/678ba6ae013639321c989802 404 - 17.754 ms - message: -
[2025-01-27T05:18:04.884Z] error: GET /api/v1/card/678ba6ae013639321c989802 500 - 13.780 ms - message: -
[2025-01-27T05:18:04.885Z] error: GET /api/v1/individual/getProfile/678ba6ae013639321c989802 404 - 11.738 ms - message: -
[2025-01-27T05:18:04.903Z] error: GET /api/v1/meeting/get-meeting/678ba6ae013639321c989802 404 - 28.232 ms - message: -
[2025-01-27T05:18:06.335Z] error: GET /api/v1/individual/getProfile/678ba6ae013639321c989802 404 - 8.599 ms - message: -
[2025-01-27T05:19:33.893Z] error: POST /api/v1/individual/login 500 - 7.844 ms - message: -
[2025-01-27T05:23:10.803Z] error: GET /api/v1/individual/getProfile/678ba6ae013639321c989802 404 - 18.677 ms - message: -
[2025-01-27T05:23:10.816Z] error: GET /api/v1/card/678ba6ae013639321c989802 500 - 12.930 ms - message: -
[2025-01-27T05:23:10.827Z] error: GET /api/v1/meeting/get-meeting/678ba6ae013639321c989802 404 - 12.912 ms - message: -
[2025-01-27T05:26:51.095Z] error: GET /api/v1/media/getUploadUrl?fileName=image_cropper_1737955601265-20250127-e166ce5b-2eb8-4f9c-97af-925501731a93.jpg&contentType=.jpg 404 - 0.922 ms - message: -
[2025-01-27T06:08:31.409Z] error: GET /api/v1/meeting/get-meeting/6731e3ad3d4a18b80fbf06f4 404 - 9.326 ms - message: -
[2025-01-27T06:08:32.048Z] error: GET /api/v1/meeting/get-meeting/6731e3ad3d4a18b80fbf06f4 404 - 12.465 ms - message: -
[2025-01-27T06:08:35.045Z] error: GET /api/v1/meeting/get-meeting/6731e3ad3d4a18b80fbf06f4 404 - 47.926 ms - message: -
[2025-01-27T06:08:35.659Z] error: GET /api/v1/meeting/get-meeting/6731e3ad3d4a18b80fbf06f4 404 - 9.022 ms - message: -
[2025-01-27T06:08:36.283Z] error: GET /api/v1/meeting/get-meeting/6731e3ad3d4a18b80fbf06f4 404 - 10.878 ms - message: -
[2025-01-27T06:08:36.715Z] error: GET /api/v1/meeting/get-meeting/6731e3ad3d4a18b80fbf06f4 404 - 14.143 ms - message: -
[2025-01-27T06:08:36.964Z] error: GET /api/v1/meeting/get-meeting/6731e3ad3d4a18b80fbf06f4 404 - 13.105 ms - message: -
[2025-01-27T06:08:37.182Z] error: GET /api/v1/meeting/get-meeting/6731e3ad3d4a18b80fbf06f4 404 - 9.392 ms - message: -
[2025-01-27T06:08:37.375Z] error: GET /api/v1/meeting/get-meeting/6731e3ad3d4a18b80fbf06f4 404 - 8.105 ms - message: -
[2025-01-27T06:08:37.633Z] error: GET /api/v1/meeting/get-meeting/6731e3ad3d4a18b80fbf06f4 404 - 77.694 ms - message: -
[2025-01-27T06:08:38.407Z] error: GET /api/v1/meeting/get-meeting/6731e3ad3d4a18b80fbf06f4 404 - 8.278 ms - message: -
[2025-01-27T06:08:39.009Z] error: GET /api/v1/meeting/get-meeting/6731e3ad3d4a18b80fbf06f4 404 - 47.830 ms - message: -
[2025-01-27T06:08:39.337Z] error: GET /api/v1/meeting/get-meeting/6731e3ad3d4a18b80fbf06f4 404 - 12.884 ms - message: -
[2025-01-27T06:08:39.587Z] error: GET /api/v1/meeting/get-meeting/6731e3ad3d4a18b80fbf06f4 404 - 7.816 ms - message: -
[2025-01-27T06:08:39.775Z] error: GET /api/v1/meeting/get-meeting/6731e3ad3d4a18b80fbf06f4 404 - 10.077 ms - message: -
[2025-01-27T06:08:39.987Z] error: GET /api/v1/meeting/get-meeting/6731e3ad3d4a18b80fbf06f4 404 - 7.984 ms - message: -
[2025-01-27T06:08:40.393Z] error: GET /api/v1/meeting/get-meeting/6731e3ad3d4a18b80fbf06f4 404 - 10.621 ms - message: -
[2025-01-27T06:08:40.586Z] error: GET /api/v1/meeting/get-meeting/6731e3ad3d4a18b80fbf06f4 404 - 11.645 ms - message: -
[2025-01-27T06:08:40.785Z] error: GET /api/v1/meeting/get-meeting/6731e3ad3d4a18b80fbf06f4 404 - 8.745 ms - message: -
[2025-01-27T06:08:43.311Z] error: GET /api/v1/meeting/get-meeting/6731e3ad3d4a18b80fbf06f4 404 - 79.539 ms - message: -
[2025-01-27T06:09:07.729Z] error: GET /api/v1/meeting/get-meeting/6731e3ad3d4a18b80fbf06f4 404 - 100.161 ms - message: -
[2025-01-27T06:09:17.638Z] error: GET /api/v1/meeting/get-meeting/6731e3ad3d4a18b80fbf06f4 404 - 12.778 ms - message: -
[2025-01-27T06:12:09.161Z] error: GET /api/v1/meeting/get-meeting/6731e3ad3d4a18b80fbf06f4 404 - 8.945 ms - message: -
[2025-01-27T06:12:09.521Z] error: GET /api/v1/meeting/get-meeting/6731e3ad3d4a18b80fbf06f4 404 - 7.605 ms - message: -
[2025-01-27T06:12:42.576Z] error: GET /api/v1/meeting/get-meeting/6731e3ad3d4a18b80fbf06f4 404 - 10.565 ms - message: -
[2025-01-27T07:02:17.255Z] error: POST /api/v1/individual/loginotp 400 - 1.343 ms - message: -
[2025-01-27T07:11:16.947Z] error: GET /api/v1/individual/getProfile/67513f6e1e263839a3b0df87 404 - 10.812 ms - message: -
[2025-01-27T07:11:16.962Z] error: GET /api/v1/card/67513f6e1e263839a3b0df87 500 - 16.417 ms - message: -
[2025-01-27T07:11:17.027Z] error: GET /api/v1/meeting/get-meeting/67513f6e1e263839a3b0df87 404 - 46.877 ms - message: -
[2025-01-27T07:11:22.000Z] error: GET /api/v1/individual/getProfile/67513f6e1e263839a3b0df87 404 - 4.672 ms - message: -
[2025-01-27T10:04:04.999Z] error: POST /api/v1/individual/loginotp 404 - 7.668 ms - message: -
[2025-01-27T10:04:11.966Z] error: POST /api/v1/individual/loginotp 404 - 13.300 ms - message: -
[2025-01-27T10:19:43.122Z] error: GET / 404 - 5.292 ms - message: -
[2025-01-27T10:25:23.155Z] error: POST /api/v1/individual/loginotp 400 - 1.540 ms - message: -
[2025-01-27T10:28:12.411Z] error: POST /api/v1/individual/loginotp 404 - 4.284 ms - message: -
[2025-01-27T10:50:51.859Z] error: POST /api/v1/enterpriseMeeting/Create-Meeting 400 - 19.620 ms - message: -
[2025-01-27T12:34:49.214Z] error: GET /favicon.ico 404 - 6.463 ms - message: -
[2025-01-27T13:01:40.050Z] error: GET /api/v1/enterprise/getProfile/6734976db6aa50468f64c1a2 404 - 18.285 ms - message: -
[2025-01-27T13:01:40.053Z] error: GET /api/v1/enterprise/getProfile/6734976db6aa50468f64c1a2 404 - 10.102 ms - message: -
[2025-01-27T13:01:40.057Z] error: GET /api/v1/card/6734976db6aa50468f64c1a2 500 - 8.009 ms - message: -
[2025-01-27T13:01:41.058Z] error: GET /api/v1/enterpriseMeeting/get-meeting/6734976db6aa50468f64c1a2 404 - 11.425 ms - message: -
[2025-01-27T13:01:47.906Z] error: GET /api/v1/enterprise/getProfile/6734976db6aa50468f64c1a2 404 - 3.626 ms - message: -
[2025-01-27T13:01:54.071Z] error: GET /api/v1/enterprise/getProfile/6734976db6aa50468f64c1a2 404 - 3.557 ms - message: -
[2025-01-27T13:01:58.339Z] error: GET /api/v1/enterprise/getProfile/6734976db6aa50468f64c1a2 404 - 4.363 ms - message: -
[2025-01-27T13:02:08.581Z] error: GET /api/v1/card/6734976db6aa50468f64c1a2 500 - 8.507 ms - message: -
[2025-01-27T13:02:20.323Z] error: GET /api/v1/enterprise/getProfile/6734976db6aa50468f64c1a2 404 - 4.053 ms - message: -
[2025-01-27T13:02:20.766Z] error: GET /api/v1/enterprise/getProfile/6734976db6aa50468f64c1a2 404 - 9.127 ms - message: -
[2025-01-27T13:02:20.990Z] error: GET /api/v1/enterpriseMeeting/get-meeting/6734976db6aa50468f64c1a2 404 - 20.225 ms - message: -
[2025-01-27T13:02:25.373Z] error: GET /api/v1/card/6734976db6aa50468f64c1a2 500 - 5.626 ms - message: -
[2025-01-27T13:02:27.063Z] error: GET /api/v1/enterprise/getProfile/6734976db6aa50468f64c1a2 404 - 3.499 ms - message: -
[2025-01-27T13:02:27.290Z] error: GET /api/v1/card/6734976db6aa50468f64c1a2 500 - 4.243 ms - message: -
[2025-01-27T13:02:27.293Z] error: GET /api/v1/enterpriseMeeting/get-meeting/6734976db6aa50468f64c1a2 404 - 9.680 ms - message: -
[2025-01-27T13:02:28.036Z] error: GET /api/v1/enterprise/getProfile/6734976db6aa50468f64c1a2 404 - 6.996 ms - message: -
[2025-01-27T13:02:38.335Z] error: GET /api/v1/enterprise/getProfile/6734976db6aa50468f64c1a2 404 - 7.163 ms - message: -
[2025-01-27T13:04:59.863Z] error: GET /api/v1/card/6734976db6aa50468f64c1a2 500 - 25.845 ms - message: -
[2025-01-27T13:05:01.237Z] error: GET /api/v1/enterprise/getProfile/6734976db6aa50468f64c1a2 404 - 3.987 ms - message: -
[2025-01-27T13:05:01.311Z] error: GET /api/v1/enterprise/getProfile/6734976db6aa50468f64c1a2 404 - 34.054 ms - message: -
[2025-01-27T13:05:01.357Z] error: GET /api/v1/enterpriseMeeting/get-meeting/6734976db6aa50468f64c1a2 404 - 34.296 ms - message: -
[2025-01-27T13:05:42.942Z] error: GET /api/v1/enterprise/getProfile/6734976db6aa50468f64c1a2 404 - 4.452 ms - message: -
[2025-01-27T13:29:58.551Z] error: POST /api/v1/individual/loginwithphnnumber 400 - 6.871 ms - message: -
[2025-01-27T13:36:32.979Z] error: GET /api/v1/card/ 404 - 2.735 ms - message: -
[2025-01-27T13:36:40.616Z] error: GET /api/v1/card/ 404 - 0.919 ms - message: -
[2025-01-27T13:40:02.237Z] error: GET / 404 - 0.769 ms - message: -
[2025-01-27T13:41:56.197Z] error: GET / 404 - 0.602 ms - message: -
[2025-01-27T15:57:28.896Z] error: POST /api/v1/enterprise/loginotp 404 - 15.718 ms - message: -
[2025-01-27T16:08:14.860Z] error: POST /api/v1/individual/loginotp 404 - 3.757 ms - message: -
[2025-01-27T16:16:31.435Z] error: GET /api/v1/card/ 404 - 1.523 ms - message: -
[2025-01-27T16:45:51.610Z] error: GET /api/v1/card/ 404 - 0.794 ms - message: -
[2025-01-27T16:46:05.350Z] error: GET /api/v1/card/ 404 - 0.682 ms - message: -
[2025-01-27T16:46:06.680Z] error: GET /api/v1/card/ 404 - 0.607 ms - message: -
[2025-01-27T16:46:07.603Z] error: GET /api/v1/card/ 404 - 0.815 ms - message: -
[2025-01-27T16:46:09.546Z] error: GET /api/v1/card/ 404 - 0.754 ms - message: -
[2025-01-27T16:46:12.916Z] error: GET /api/v1/card/ 404 - 0.769 ms - message: -
[2025-01-27T16:46:14.432Z] error: GET /api/v1/card/ 404 - 0.608 ms - message: -
[2025-01-27T16:46:27.775Z] error: GET /api/v1/card/ 404 - 0.824 ms - message: -
[2025-01-27T16:47:51.756Z] error: GET /api/v1/card/ 404 - 0.638 ms - message: -
[2025-01-27T16:47:59.907Z] error: GET /api/v1/card/ 404 - 0.584 ms - message: -
[2025-01-27T16:51:12.616Z] error: PUT /api/v1/enterpriseMeeting/get-meeting/6796ffef0524d8232fe5f81a 404 - 3.106 ms - message: -
[2025-01-27T16:55:59.084Z] error: GET /api/v1/card/ 404 - 2.244 ms - message: -
[2025-01-28T02:38:49.959Z] error: GET / 404 - 1.752 ms - message: -
[2025-01-28T02:43:26.578Z] error: GET / 404 - 0.613 ms - message: -
[2025-01-28T04:32:46.173Z] error: GET /api/v1/individual/getProfile/67513f6e1e263839a3b0df87 404 - 33.867 ms - message: -
[2025-01-28T04:32:46.174Z] error: GET /api/v1/card/67513f6e1e263839a3b0df87 500 - 43.152 ms - message: -
[2025-01-28T04:32:46.313Z] error: GET /api/v1/meeting/get-meeting/67513f6e1e263839a3b0df87 404 - 176.170 ms - message: -
[2025-01-28T04:59:43.142Z] error: GET /api/v1/meeting/get-meeting/6731e3ad3d4a18b80fbf06f4 404 - 15.099 ms - message: -
[2025-01-28T05:00:40.940Z] error: GET /api/v1/meeting/get-meeting/6731e3ad3d4a18b80fbf06f4 404 - 8.495 ms - message: -
[2025-01-28T05:04:25.027Z] error: GET /api/v1/meeting/get-meeting/6731e3ad3d4a18b80fbf06f4 404 - 9.968 ms - message: -
[2025-01-28T05:05:08.161Z] error: GET /api/v1/meeting/get-meeting/6731e3ad3d4a18b80fbf06f4 404 - 13.636 ms - message: -
[2025-01-28T05:05:08.411Z] error: GET /api/v1/meeting/get-meeting/6731e3ad3d4a18b80fbf06f4 404 - 10.358 ms - message: -
[2025-01-28T05:08:24.011Z] error: GET /api/v1/meeting/get-meeting/6731e3ad3d4a18b80fbf06f4 404 - 8.586 ms - message: -
[2025-01-28T05:08:24.660Z] error: GET /api/v1/meeting/get-meeting/6731e3ad3d4a18b80fbf06f4 404 - 10.666 ms - message: -
=======
[2025-01-29T10:15:45.241Z] [31merror[39m: GET /api/v1/analytic/card/6731d58cae68862f6cd0e6af?cardId=12345&period=week 500 - 6.016 ms - message: -
[2025-01-29T10:15:47.569Z] [31merror[39m: GET /api/v1/analytic/card/6731d58cae68862f6cd0e6af?cardId=12345&period=week 500 - 3.377 ms - message: -
[2025-01-29T10:15:57.042Z] [31merror[39m: GET /api/v1/analytic/card/6731d58cae68862f6cd0e6af?period=%22today%22&cardId=12345&period=week 500 - 3.371 ms - message: -
[2025-01-29T10:15:57.565Z] [31merror[39m: GET /api/v1/analytic/card/6731d58cae68862f6cd0e6af?period=%22today%22&cardId=12345&period=week 500 - 1.206 ms - message: -
[2025-01-29T10:15:58.058Z] [31merror[39m: GET /api/v1/analytic/card/6731d58cae68862f6cd0e6af?period=%22today%22&cardId=12345&period=week 500 - 1.199 ms - message: -
[2025-01-29T10:15:58.412Z] [31merror[39m: GET /api/v1/analytic/card/6731d58cae68862f6cd0e6af?period=%22today%22&cardId=12345&period=week 500 - 1.246 ms - message: -
[2025-01-29T10:15:58.801Z] [31merror[39m: GET /api/v1/analytic/card/6731d58cae68862f6cd0e6af?period=%22today%22&cardId=12345&period=week 500 - 1.982 ms - message: -
[2025-01-29T10:15:59.179Z] [31merror[39m: GET /api/v1/analytic/card/6731d58cae68862f6cd0e6af?period=%22today%22&cardId=12345&period=week 500 - 0.979 ms - message: -
[2025-01-29T10:16:48.483Z] [31merror[39m: GET /api/v1/analytic/card/6731d58cae68862f6cd0e6af?cardId=12345&period=week 500 - 1.556 ms - message: -
[2025-01-29T10:17:34.404Z] [31merror[39m: GET /api/v1/analytic/card/6731d58cae68862f6cd0e6af?cardId=12345 500 - 1.621 ms - message: -
[2025-01-29T10:17:43.582Z] [31merror[39m: GET /api/v1/analytic/card/6731d58cae68862f6cd0e6af 500 - 1.472 ms - message: -
[2025-01-29T10:28:31.615Z] [31merror[39m: GET /api/v1/analytic/card/6731d58cae68862f6cd0e6af 500 - 8.039 ms - message: -
[2025-01-29T10:29:56.001Z] [31merror[39m: GET /api/v1/analytic/card/6731d58cae68862f6cd0e6af 500 - 9.503 ms - message: -
[2025-01-29T10:30:43.629Z] [31merror[39m: GET /api/v1/analytic/card/6731d58cae68862f6cd0e6af 500 - 8.518 ms - message: -
>>>>>>> f5a8e2b70d7a1149bb457cdfbdcfde22235a91f9
[2025-01-30T13:16:12.014Z] error: GET /api/v1/card/679b73081db0952fa7e35c72 500 - 14.349 ms - message: -
[2025-01-30T13:16:28.904Z] error: GET /api/v1/card/679b73081db0952fa7e35c72 500 - 12.367 ms - message: -
[2025-01-30T13:21:44.204Z] error: POST /api/v1/enterprise/signup 409 - 5.503 ms - message: -
[2025-01-30T13:21:52.087Z] error: POST /api/v1/enterprise/signup 409 - 5.067 ms - message: -
[2025-01-30T13:23:36.112Z] error: POST /api/v1/enterprise/signup 500 - 26.708 ms - message: -
[2025-01-30T13:23:42.457Z] error: POST /api/v1/enterprise/signup 500 - 25.161 ms - message: -
[2025-01-30T13:23:47.828Z] error: POST /api/v1/enterprise/signup 500 - 10.093 ms - message: -
[2025-01-30T13:24:23.282Z] error: POST /api/v1/enterprise/signup 500 - 14.185 ms - message: -
[2025-01-30T13:27:39.826Z] error: POST /api/v1/enterprise/signup 500 - 26.971 ms - message: -
[2025-01-30T13:31:14.678Z] error: POST /api/v1/enterprise/signup 500 - 13.522 ms - message: -
[2025-01-30T13:38:50.477Z] error: POST /keys 404 - 1.505 ms - message: -
[2025-01-30T13:41:26.851Z] error: GET / 404 - 1.083 ms - message: -
[2025-01-30T14:41:21.705Z] error: POST /api/v1/individual/loginotp 404 - 10.118 ms - message: -
[2025-01-30T14:43:25.761Z] error: GET /api/v1/individual/99666655 404 - 5.258 ms - message: -
[2025-01-30T14:44:08.707Z] error: GET /api/v1/individual/88888 404 - 4.394 ms - message: -
[2025-01-30T15:09:04.656Z] error: GET / 404 - 3.346 ms - message: -
[2025-01-30T15:17:57.500Z] error: PATCH /api/v1/notification/markAllAsRead/67922c4ed0e7d110bc5d9493 404 - 15.619 ms - message: -
[2025-01-30T16:15:01.307Z] error: GET /pdown 404 - 1.559 ms - message: -
[2025-01-30T16:39:54.897Z] error: POST /api/v1/individual/loginotp 404 - 6.325 ms - message: -
[2025-01-30T16:40:00.581Z] error: POST /api/v1/individual/loginotp 404 - 4.556 ms - message: -
[2025-01-30T16:40:06.894Z] error: POST /api/v1/individual/loginotp 404 - 6.831 ms - message: -
[2025-01-30T16:40:07.333Z] error: POST /api/v1/individual/loginotp 404 - 6.772 ms - message: -
[2025-01-30T16:40:13.255Z] error: POST /api/v1/individual/loginotp 404 - 21.219 ms - message: -
[2025-01-30T16:40:41.943Z] error: POST /api/v1/individual/loginwithphnnumber 400 - 8.810 ms - message: -
[2025-01-30T16:54:33.987Z] error: GET /api/v1/enterpriseMeeting/get-meeting/67923177d0e7d110bc5d94c5 400 - 2.423 ms - message: -
[2025-01-30T16:55:12.229Z] error: GET /api/v1/enterpriseMeeting/get-meeting/67923177d0e7d110bc5d94c5 400 - 5.160 ms - message: -
[2025-01-30T16:55:15.986Z] error: GET /api/v1/enterpriseMeeting/get-meeting/67923177d0e7d110bc5d94c5 400 - 1.927 ms - message: -
[2025-01-30T17:24:11.855Z] error: POST /api/v1/individual/contact/phone/679337396367a0f455dca62f 404 - 14.962 ms - message: -
[2025-01-30T17:24:30.755Z] error: GET /api/v1/individual/8566466435 404 - 5.717 ms - message: -
[2025-01-30T17:24:31.268Z] error: POST /api/v1/individual/contact/phone 404 - 3.720 ms - message: -
[2025-01-30T17:24:45.629Z] error: POST /api/v1/individual/Contact/phone 404 - 1.214 ms - message: -
[2025-01-30T17:35:48.025Z] error: GET /api/v1/individual/9931693223 404 - 7.670 ms - message: -
[2025-01-30T17:36:32.555Z] error: GET /api/v1/card/ 404 - 2.250 ms - message: -
[2025-01-30T17:40:39.166Z] error: POST /api/v1/individual/Contact/phone 404 - 1.855 ms - message: -
[2025-01-30T18:09:16.895Z] error: GET /api/v1/card/ 404 - 2.711 ms - message: -
[2025-01-30T18:10:11.717Z] error: GET /api/v1/card/ 404 - 0.744 ms - message: -
[2025-01-30T18:10:39.912Z] error: GET /api/v1/card/ 404 - 1.134 ms - message: -
[2025-01-30T22:47:06.341Z] error: POST /keys 404 - 1.952 ms - message: -
[2025-01-31T02:20:39.269Z] error: POST /api/v1/subscription 400 - 1.587 ms - message: -
[2025-01-31T02:20:40.534Z] error: POST /api/v1/subscription 400 - 1.088 ms - message: -
[2025-01-31T02:30:40.923Z] error: GET / 404 - 1.528 ms - message: -
[2025-01-31T03:49:08.354Z] error: PATCH /api/v1/enterpriseMeeting/update-meeting-status 400 - 1.273 ms - message: -
[2025-01-31T03:49:55.595Z] error: PATCH /api/v1/enterpriseMeeting/update-meeting-status 400 - 0.849 ms - message: -
[2025-01-31T04:49:43.821Z] error: POST /api/v1/individualContact/phone 400 - 28457.124 ms - message: -
[2025-01-31T04:51:32.780Z] error: GET /api/v1/media/getUploadUrl?fileName=image_cropper_1738299088806-20250131-b95efc13-6a0d-470b-b732-0277f7126209.jpg&contentType=.jpg 404 - 1.359 ms - message: -
[2025-01-31T04:56:53.243Z] error: GET /api/v1/media/getUploadUrl?fileName=image_cropper_1738299409384-20250131-a08720bb-420d-48a4-bbc9-7bc108d4e7f4.jpg&contentType=.jpg 404 - 0.708 ms - message: -
[2025-01-31T04:56:54.561Z] error: PATCH /api/v1/individual/updateProfile 409 - 53.423 ms - message: -
[2025-01-31T04:57:24.624Z] error: GET /api/v1/media/getUploadUrl?fileName=image_cropper_1738299437841-20250131-84c7d369-4809-425e-a2ac-ed504abe006f.jpg&contentType=.jpg 404 - 0.641 ms - message: -
[2025-01-31T04:57:30.497Z] error: PATCH /api/v1/individual/updateProfile 409 - 68.013 ms - message: -
[2025-01-31T04:57:50.576Z] error: PATCH /api/v1/individual/updateProfile 409 - 184.826 ms - message: -
[2025-01-31T05:16:30.802Z] error: POST /api/v1/individual/Contact/phone 404 - 1.184 ms - message: -
[2025-01-31T05:16:42.646Z] error: POST /api/v1/individual/Contact/phone 404 - 0.917 ms - message: -
[2025-01-31T05:17:58.674Z] error: POST /api/v1/individual/Contact/Phone 404 - 1.492 ms - message: -
[2025-01-31T05:18:05.885Z] error: POST /api/v1/individual/Contact/phone 404 - 1.262 ms - message: -
[2025-01-31T05:18:14.494Z] error: POST /api/v1/individual/contact/phone 404 - 0.917 ms - message: -
[2025-01-31T05:18:23.504Z] error: POST /api/v1/individual/Contact/phone 404 - 1.434 ms - message: -
[2025-01-31T05:19:39.195Z] error: POST /api/v1/individual/phone 404 - 2.401 ms - message: -
[2025-01-31T05:19:50.417Z] error: POST /api/v1/individualContact/phone 400 - 0.999 ms - message: -
[2025-01-31T05:24:24.945Z] error: GET /api/v1/individualContact/phone 404 - 0.657 ms - message: -
[2025-01-31T05:25:32.658Z] error: POST /api/v1/individualContact/phone 400 - 8.977 ms - message: -
[2025-01-31T05:27:44.788Z] error: POST /api/v1/individualContact/phone 400 - 11.635 ms - message: -
[2025-01-31T05:41:41.720Z] error: GET /api/v1/card/ 404 - 5.323 ms - message: -
[2025-01-31T05:41:50.515Z] error: GET /api/v1/card/ 404 - 1.009 ms - message: -
[2025-01-31T05:45:43.408Z] error: GET /api/v1/individual/9632564213 404 - 4.629 ms - message: -
[2025-01-31T05:45:57.995Z] error: GET /api/v1/card/ 404 - 1.000 ms - message: -
[2025-01-31T05:46:00.224Z] error: GET /api/v1/card/ 404 - 0.762 ms - message: -
[2025-01-31T05:46:01.416Z] error: GET /api/v1/card/ 404 - 1.601 ms - message: -
[2025-01-31T05:46:01.585Z] error: GET /api/v1/card/ 404 - 0.877 ms - message: -
[2025-01-31T05:46:01.726Z] error: GET /api/v1/card/ 404 - 1.167 ms - message: -
[2025-01-31T05:46:01.905Z] error: GET /api/v1/card/ 404 - 0.987 ms - message: -
[2025-01-31T05:46:02.065Z] error: GET /api/v1/card/ 404 - 0.743 ms - message: -
[2025-01-31T05:46:02.359Z] error: GET /api/v1/card/ 404 - 0.791 ms - message: -
[2025-01-31T05:46:02.555Z] error: GET /api/v1/card/ 404 - 0.765 ms - message: -
[2025-01-31T05:46:02.940Z] error: GET /api/v1/card/ 404 - 0.669 ms - message: -
[2025-01-31T05:46:03.054Z] error: GET /api/v1/card/ 404 - 0.731 ms - message: -
[2025-01-31T05:46:03.308Z] error: GET /api/v1/card/ 404 - 0.760 ms - message: -
[2025-01-31T05:46:03.436Z] error: GET /api/v1/card/ 404 - 0.661 ms - message: -
[2025-01-31T05:46:03.724Z] error: GET /api/v1/card/ 404 - 0.596 ms - message: -
[2025-01-31T05:46:04.216Z] error: GET /api/v1/card/ 404 - 0.897 ms - message: -
[2025-01-31T05:46:04.411Z] error: GET /api/v1/card/ 404 - 1.723 ms - message: -
[2025-01-31T06:58:52.261Z] error: POST /api/v1/individualContact/phone 400 - 25000.806 ms - message: -
[2025-01-31T07:02:19.510Z] error: POST /api/v1/individualContact/phone 400 - 63190.949 ms - message: -
[2025-01-31T07:02:19.515Z] error: POST /api/v1/individualContact/phone 400 - 63250.584 ms - message: -
[2025-01-31T07:02:33.429Z] error: POST /api/v1/individualContact/phone 400 - 50689.317 ms - message: -
[2025-01-31T07:03:56.474Z] error: POST /api/v1/individualContact/phone 400 - 25299.799 ms - message: -
[2025-01-31T07:06:22.832Z] error: POST /api/v1/individualContact/phone 400 - 25288.653 ms - message: -
[2025-01-31T07:10:58.512Z] error: POST /api/v1/individualContact/phone 400 - 26252.188 ms - message: -
[2025-01-31T07:13:02.504Z] error: GET /api/v1/card/ 404 - 1.751 ms - message: -
[2025-01-31T07:13:23.429Z] error: GET /favicon.ico 404 - 1.156 ms - message: -
[2025-01-31T07:13:46.845Z] error: POST /api/v1/individualContact/phone 400 - 70252.353 ms - message: -
[2025-01-31T07:13:46.876Z] error: POST /api/v1/individualContact/phone 400 - 70221.878 ms - message: -
[2025-01-31T07:13:52.960Z] error: POST /api/v1/individualContact/phone 400 - 64246.314 ms - message: -
[2025-01-31T07:15:24.378Z] error: GET /api/v1/card/ 404 - 0.922 ms - message: -
[2025-01-31T07:16:18.553Z] error: GET /api/v1/card/ 404 - 0.585 ms - message: -
[2025-01-31T07:18:08.715Z] error: GET /api/v1/card/ 404 - 1.832 ms - message: -
[2025-01-31T07:19:04.597Z] error: GET /api/v1/card/ 404 - 0.598 ms - message: -
[2025-01-31T07:19:21.738Z] error: GET /api/v1/card/ 404 - 0.635 ms - message: -
[2025-01-31T07:22:05.661Z] error: GET /api/v1/card/ 404 - 0.601 ms - message: -
[2025-01-31T07:26:01.212Z] error: GET /api/v1/card/ 404 - 0.575 ms - message: -
[2025-01-31T07:29:09.262Z] error: POST /api/v1/individualContact/phone 400 - 26281.055 ms - message: -
[2025-01-31T07:29:35.341Z] error: POST /api/v1/individualContact/phone 400 - 25309.973 ms - message: -
[2025-01-31T07:30:18.208Z] error: GET /api/v1/card/ 404 - 0.572 ms - message: -
[2025-01-31T07:30:20.927Z] error: GET /api/v1/card/ 404 - 0.596 ms - message: -
[2025-01-31T07:30:24.087Z] error: GET /api/v1/card/ 404 - 0.791 ms - message: -
[2025-01-31T07:30:38.387Z] error: GET /api/v1/card/ 404 - 0.810 ms - message: -
[2025-01-31T09:51:15.921Z] error: POST /api/v1/individualContact/phone 400 - 2.308 ms - message: -
[2025-01-31T09:53:12.637Z] error: POST /api/v1/individualContact/phone 500 - 9274.892 ms - message: -
[2025-01-31T09:55:00.901Z] error: POST /api/v1/individual/Contact/phone 404 - 1.825 ms - message: -
[2025-01-31T09:55:04.760Z] error: POST /api/v1/individualContact/phone 500 - 63.992 ms - message: -
[2025-01-31T10:00:40.943Z] error: GET /api/v1/card/679b73081db0952fa7e35c72 500 - 9.221 ms - message: -
[2025-01-31T10:02:41.267Z] error: POST /api/v1/individualContact/phone 500 - 50.731 ms - message: -
[2025-01-31T10:02:46.660Z] error: POST /api/v1/individualContact/phone 500 - 59.092 ms - message: -
[2025-01-31T10:03:18.290Z] error: POST /api/v1/individualContact/phone 500 - 75.260 ms - message: -
[2025-01-31T10:03:28.086Z] error: GET /api/v1/card/ 404 - 3.573 ms - message: -
